[27-Jun-2025 01:10:35 Asia/Manila] [2025-06-27 01:10:35] [INFO] === New Request Started ===

[2025-06-27 01:10:35] [INFO] === New Request Started ===
[27-Jun-2025 01:10:35 Asia/Manila] [2025-06-27 01:10:35] [INFO] Request Method: GET

[2025-06-27 01:10:35] [INFO] Request Method: GET
[27-Jun-2025 01:10:35 Asia/Manila] [2025-06-27 01:10:35] [INFO] POST Data: Array
(
)


[2025-06-27 01:10:35] [INFO] POST Data: Array
(
)

[27-Jun-2025 01:10:35 Asia/Manila] [2025-06-27 01:10:35] [INFO] Session Data: Array
(
    [user_id] => 1
    [username] => admin
    [full_name] => System Administrator
    [roles] => Array
        (
            [0] => Admin
        )

)


[2025-06-27 01:10:35] [INFO] Session Data: Array
(
    [user_id] => 1
    [username] => admin
    [full_name] => System Administrator
    [roles] => Array
        (
            [0] => Admin
        )

)

[27-Jun-2025 01:10:35 Asia/Manila] Database connection successful
[27-Jun-2025 01:10:55 Asia/Manila] [2025-06-27 01:10:55] [INFO] === New Request Started ===

[2025-06-27 01:10:55] [INFO] === New Request Started ===
[27-Jun-2025 01:10:55 Asia/Manila] [2025-06-27 01:10:55] [INFO] Request Method: POST

[2025-06-27 01:10:55] [INFO] Request Method: POST
[27-Jun-2025 01:10:55 Asia/Manila] [2025-06-27 01:10:55] [INFO] POST Data: Array
(
    [form_action] => create
    [type] => employee
    [username] => user1
    [password] => admin123!
    [first_name] => Jeorge Andrei
    [last_name] => Elevencionado
    [email] => jeorgeandreielevencionado@gmail.com
    [phone] => 09186913589
    [department] => CET
    [position] => head
    [roles] => Array
        (
            [0] => 2
        )

    [status] => active
)


[2025-06-27 01:10:55] [INFO] POST Data: Array
(
    [form_action] => create
    [type] => employee
    [username] => user1
    [password] => admin123!
    [first_name] => Jeorge Andrei
    [last_name] => Elevencionado
    [email] => jeorgeandreielevencionado@gmail.com
    [phone] => 09186913589
    [department] => CET
    [position] => head
    [roles] => Array
        (
            [0] => 2
        )

    [status] => active
)

[27-Jun-2025 01:10:55 Asia/Manila] [2025-06-27 01:10:55] [INFO] Session Data: Array
(
    [user_id] => 1
    [username] => admin
    [full_name] => System Administrator
    [roles] => Array
        (
            [0] => Admin
        )

)


[2025-06-27 01:10:55] [INFO] Session Data: Array
(
    [user_id] => 1
    [username] => admin
    [full_name] => System Administrator
    [roles] => Array
        (
            [0] => Admin
        )

)

[27-Jun-2025 01:10:55 Asia/Manila] Database connection successful
[27-Jun-2025 01:10:55 Asia/Manila] [2025-06-27 01:10:55] [INFO] Processing action: create, type: employee

[2025-06-27 01:10:55] [INFO] Processing action: create, type: employee
[27-Jun-2025 01:10:55 Asia/Manila] === DEBUG START ===
[27-Jun-2025 01:10:55 Asia/Manila] Array
(
    [POST Data] => Array
        (
            [form_action] => create
            [type] => employee
            [username] => user1
            [password] => admin123!
            [first_name] => Jeorge Andrei
            [last_name] => Elevencionado
            [email] => jeorgeandreielevencionado@gmail.com
            [phone] => 09186913589
            [department] => CET
            [position] => head
            [roles] => Array
                (
                    [0] => 2
                )

            [status] => active
        )

    [Session] => Array
        (
            [user_id] => 1
            [username] => admin
            [full_name] => System Administrator
            [roles] => Array
                (
                    [0] => Admin
                )

        )

    [Files] => Array
        (
        )

    [Server] => Array
        (
            [MIBDIRS] => C:/xampp/php/extras/mibs
            [MYSQL_HOME] => \xampp\mysql\bin
            [OPENSSL_CONF] => C:/xampp/apache/bin/openssl.cnf
            [PHP_PEAR_SYSCONF_DIR] => \xampp\php
            [PHPRC] => \xampp\php
            [TMP] => \xampp\tmp
            [HTTP_HOST] => localhost
            [HTTP_CONNECTION] => keep-alive
            [CONTENT_LENGTH] => 236
            [HTTP_CACHE_CONTROL] => max-age=0
            [HTTP_SEC_CH_UA] => "Chromium";v="134", "Not:A-Brand";v="24", "Opera GX";v="119"
            [HTTP_SEC_CH_UA_MOBILE] => ?0
            [HTTP_SEC_CH_UA_PLATFORM] => "Windows"
            [HTTP_ORIGIN] => http://localhost
            [CONTENT_TYPE] => application/x-www-form-urlencoded
            [HTTP_UPGRADE_INSECURE_REQUESTS] => 1
            [HTTP_USER_AGENT] => Mozilla/5.0 (Windows NT 10.0; Win64; x64) AppleWebKit/537.36 (KHTML, like Gecko) Chrome/134.0.0.0 Safari/537.36 OPR/119.0.0.0
            [HTTP_ACCEPT] => text/html,application/xhtml+xml,application/xml;q=0.9,image/avif,image/webp,image/apng,*/*;q=0.8,application/signed-exchange;v=b3;q=0.7
            [HTTP_SEC_FETCH_SITE] => same-origin
            [HTTP_SEC_FETCH_MODE] => navigate
            [HTTP_SEC_FETCH_USER] => ?1
            [HTTP_SEC_FETCH_DEST] => document
            [HTTP_REFERER] => http://localhost/IASPROJECT/views/admin/users/create.php?type=employee
            [HTTP_ACCEPT_ENCODING] => gzip, deflate, br, zstd
            [HTTP_ACCEPT_LANGUAGE] => en-US,en;q=0.9
            [HTTP_COOKIE] => PHPSESSID=i2uvkipfa8f1aogrhbv3o74dfn
            [PATH] => C:\Windows\system32;C:\Windows;C:\Windows\System32\Wbem;C:\Windows\System32\WindowsPowerShell\v1.0\;C:\Windows\System32\OpenSSH\;C:\xampp\php;C:\ProgramData\ComposerSetup\bin;C:\Program Files\nodejs\;C:\Program Files\Git\cmd;C:\Users\User\AppData\Local\Programs\Python\Python310\Scripts\;C:\Users\User\AppData\Local\Programs\Python\Python310\;C:\Users\User\AppData\Local\Microsoft\WindowsApps;C:\Users\User\AppData\Roaming\Composer\vendor\bin;C:\Users\User\AppData\Roaming\npm;C:\Users\User\AppData\Local\GitHubDesktop\bin;C:\Program Files\OpenSSL-Win64\bin;C:\Users\User\AppData\Local\Programs\cursor\resources\app\bin
            [SystemRoot] => C:\Windows
            [COMSPEC] => C:\Windows\system32\cmd.exe
            [PATHEXT] => .COM;.EXE;.BAT;.CMD;.VBS;.VBE;.JS;.JSE;.WSF;.WSH;.MSC
            [WINDIR] => C:\Windows
            [SERVER_SIGNATURE] => <address>Apache/2.4.58 (Win64) OpenSSL/3.1.3 PHP/8.2.12 Server at localhost Port 80</address>

            [SERVER_SOFTWARE] => Apache/2.4.58 (Win64) OpenSSL/3.1.3 PHP/8.2.12
            [SERVER_NAME] => localhost
            [SERVER_ADDR] => ::1
            [SERVER_PORT] => 80
            [REMOTE_ADDR] => ::1
            [DOCUMENT_ROOT] => C:/xampp/htdocs
            [REQUEST_SCHEME] => http
            [CONTEXT_PREFIX] => 
            [CONTEXT_DOCUMENT_ROOT] => C:/xampp/htdocs
            [SERVER_ADMIN] => postmaster@localhost
            [SCRIPT_FILENAME] => C:/xampp/htdocs/IASPROJECT/views/admin/users/process.php
            [REMOTE_PORT] => 60002
            [GATEWAY_INTERFACE] => CGI/1.1
            [SERVER_PROTOCOL] => HTTP/1.1
            [REQUEST_METHOD] => POST
            [QUERY_STRING] => 
            [REQUEST_URI] => /IASPROJECT/views/admin/users/process.php
            [SCRIPT_NAME] => /IASPROJECT/views/admin/users/process.php
            [PHP_SELF] => /IASPROJECT/views/admin/users/process.php
            [REQUEST_TIME_FLOAT] => 1750957855.1669
            [REQUEST_TIME] => 1750957855
        )

)

[27-Jun-2025 01:10:55 Asia/Manila] === DEBUG END ===
[27-Jun-2025 01:10:55 Asia/Manila] [2025-06-27 01:10:55] [INFO] Started transaction

[2025-06-27 01:10:55] [INFO] Started transaction
[27-Jun-2025 01:10:55 Asia/Manila] Database connection successful
[27-Jun-2025 01:10:55 Asia/Manila] [2025-06-27 01:10:55] [INFO] Success: Employee created successfully.

[2025-06-27 01:10:55] [INFO] Success: Employee created successfully.
[27-Jun-2025 01:11:41 Asia/Manila] [2025-06-27 01:11:41] [INFO] === New Request Started ===

[2025-06-27 01:11:41] [INFO] === New Request Started ===
[27-Jun-2025 01:11:41 Asia/Manila] [2025-06-27 01:11:41] [INFO] Request Method: POST

[2025-06-27 01:11:41] [INFO] Request Method: POST
[27-Jun-2025 01:11:41 Asia/Manila] [2025-06-27 01:11:41] [INFO] POST Data: Array
(
    [form_action] => create
    [type] => student
    [username] => student1
    [password] => admin123!
    [first_name] => Jeorge
    [last_name] => Tan
    [email] => jeorgeeleven@gmail.com
    [phone] => 09186913589
    [student_department] => CCJ
    [roles] => 4
    [status] => active
)


[2025-06-27 01:11:41] [INFO] POST Data: Array
(
    [form_action] => create
    [type] => student
    [username] => student1
    [password] => admin123!
    [first_name] => Jeorge
    [last_name] => Tan
    [email] => jeorgeeleven@gmail.com
    [phone] => 09186913589
    [student_department] => CCJ
    [roles] => 4
    [status] => active
)

[27-Jun-2025 01:11:41 Asia/Manila] [2025-06-27 01:11:41] [INFO] Session Data: Array
(
    [user_id] => 1
    [username] => admin
    [full_name] => System Administrator
    [roles] => Array
        (
            [0] => Admin
        )

)


[2025-06-27 01:11:41] [INFO] Session Data: Array
(
    [user_id] => 1
    [username] => admin
    [full_name] => System Administrator
    [roles] => Array
        (
            [0] => Admin
        )

)

[27-Jun-2025 01:11:41 Asia/Manila] Database connection successful
[27-Jun-2025 01:11:41 Asia/Manila] [2025-06-27 01:11:41] [INFO] Processing action: create, type: student

[2025-06-27 01:11:41] [INFO] Processing action: create, type: student
[27-Jun-2025 01:11:41 Asia/Manila] === DEBUG START ===
[27-Jun-2025 01:11:41 Asia/Manila] Array
(
    [POST Data] => Array
        (
            [form_action] => create
            [type] => student
            [username] => student1
            [password] => admin123!
            [first_name] => Jeorge
            [last_name] => Tan
            [email] => jeorgeeleven@gmail.com
            [phone] => 09186913589
            [student_department] => CCJ
            [roles] => 4
            [status] => active
        )

    [Session] => Array
        (
            [user_id] => 1
            [username] => admin
            [full_name] => System Administrator
            [roles] => Array
                (
                    [0] => Admin
                )

        )

    [Files] => Array
        (
        )

    [Server] => Array
        (
            [MIBDIRS] => C:/xampp/php/extras/mibs
            [MYSQL_HOME] => \xampp\mysql\bin
            [OPENSSL_CONF] => C:/xampp/apache/bin/openssl.cnf
            [PHP_PEAR_SYSCONF_DIR] => \xampp\php
            [PHPRC] => \xampp\php
            [TMP] => \xampp\tmp
            [HTTP_HOST] => localhost
            [HTTP_CONNECTION] => keep-alive
            [CONTENT_LENGTH] => 196
            [HTTP_CACHE_CONTROL] => max-age=0
            [HTTP_SEC_CH_UA] => "Chromium";v="134", "Not:A-Brand";v="24", "Opera GX";v="119"
            [HTTP_SEC_CH_UA_MOBILE] => ?0
            [HTTP_SEC_CH_UA_PLATFORM] => "Windows"
            [HTTP_ORIGIN] => http://localhost
            [CONTENT_TYPE] => application/x-www-form-urlencoded
            [HTTP_UPGRADE_INSECURE_REQUESTS] => 1
            [HTTP_USER_AGENT] => Mozilla/5.0 (Windows NT 10.0; Win64; x64) AppleWebKit/537.36 (KHTML, like Gecko) Chrome/134.0.0.0 Safari/537.36 OPR/119.0.0.0
            [HTTP_ACCEPT] => text/html,application/xhtml+xml,application/xml;q=0.9,image/avif,image/webp,image/apng,*/*;q=0.8,application/signed-exchange;v=b3;q=0.7
            [HTTP_SEC_FETCH_SITE] => same-origin
            [HTTP_SEC_FETCH_MODE] => navigate
            [HTTP_SEC_FETCH_USER] => ?1
            [HTTP_SEC_FETCH_DEST] => document
            [HTTP_REFERER] => http://localhost/IASPROJECT/views/admin/users/create.php?type=student
            [HTTP_ACCEPT_ENCODING] => gzip, deflate, br, zstd
            [HTTP_ACCEPT_LANGUAGE] => en-US,en;q=0.9
            [HTTP_COOKIE] => PHPSESSID=i2uvkipfa8f1aogrhbv3o74dfn
            [PATH] => C:\Windows\system32;C:\Windows;C:\Windows\System32\Wbem;C:\Windows\System32\WindowsPowerShell\v1.0\;C:\Windows\System32\OpenSSH\;C:\xampp\php;C:\ProgramData\ComposerSetup\bin;C:\Program Files\nodejs\;C:\Program Files\Git\cmd;C:\Users\User\AppData\Local\Programs\Python\Python310\Scripts\;C:\Users\User\AppData\Local\Programs\Python\Python310\;C:\Users\User\AppData\Local\Microsoft\WindowsApps;C:\Users\User\AppData\Roaming\Composer\vendor\bin;C:\Users\User\AppData\Roaming\npm;C:\Users\User\AppData\Local\GitHubDesktop\bin;C:\Program Files\OpenSSL-Win64\bin;C:\Users\User\AppData\Local\Programs\cursor\resources\app\bin
            [SystemRoot] => C:\Windows
            [COMSPEC] => C:\Windows\system32\cmd.exe
            [PATHEXT] => .COM;.EXE;.BAT;.CMD;.VBS;.VBE;.JS;.JSE;.WSF;.WSH;.MSC
            [WINDIR] => C:\Windows
            [SERVER_SIGNATURE] => <address>Apache/2.4.58 (Win64) OpenSSL/3.1.3 PHP/8.2.12 Server at localhost Port 80</address>

            [SERVER_SOFTWARE] => Apache/2.4.58 (Win64) OpenSSL/3.1.3 PHP/8.2.12
            [SERVER_NAME] => localhost
            [SERVER_ADDR] => ::1
            [SERVER_PORT] => 80
            [REMOTE_ADDR] => ::1
            [DOCUMENT_ROOT] => C:/xampp/htdocs
            [REQUEST_SCHEME] => http
            [CONTEXT_PREFIX] => 
            [CONTEXT_DOCUMENT_ROOT] => C:/xampp/htdocs
            [SERVER_ADMIN] => postmaster@localhost
            [SCRIPT_FILENAME] => C:/xampp/htdocs/IASPROJECT/views/admin/users/process.php
            [REMOTE_PORT] => 60040
            [GATEWAY_INTERFACE] => CGI/1.1
            [SERVER_PROTOCOL] => HTTP/1.1
            [REQUEST_METHOD] => POST
            [QUERY_STRING] => 
            [REQUEST_URI] => /IASPROJECT/views/admin/users/process.php
            [SCRIPT_NAME] => /IASPROJECT/views/admin/users/process.php
            [PHP_SELF] => /IASPROJECT/views/admin/users/process.php
            [REQUEST_TIME_FLOAT] => 1750957901.9057
            [REQUEST_TIME] => 1750957901
        )

)

[27-Jun-2025 01:11:41 Asia/Manila] === DEBUG END ===
[27-Jun-2025 01:11:41 Asia/Manila] [2025-06-27 01:11:41] [INFO] Started transaction

[2025-06-27 01:11:41] [INFO] Started transaction
[27-Jun-2025 01:11:41 Asia/Manila] Database connection successful
[27-Jun-2025 01:11:41 Asia/Manila] [2025-06-27 01:11:41] [INFO] Success: Student created successfully.

[2025-06-27 01:11:41] [INFO] Success: Student created successfully.
[27-Jun-2025 01:17:02 Asia/Manila] [2025-06-27 01:17:02] [INFO] === New Request Started ===

[2025-06-27 01:17:02] [INFO] === New Request Started ===
[27-Jun-2025 01:17:02 Asia/Manila] [2025-06-27 01:17:02] [INFO] Request Method: POST

[2025-06-27 01:17:02] [INFO] Request Method: POST
[27-Jun-2025 01:17:02 Asia/Manila] [2025-06-27 01:17:02] [INFO] POST Data: Array
(
    [form_action] => update
    [type] => employee
    [id] => 2
    [username] => user1
    [password] => 
    [first_name] => JeorgeRRR
    [last_name] => Elevencionado
    [email] => jeorgeandreielevencionado@gmail.com
    [phone] => 09186913589
    [department] => CET
    [position] => head
    [roles] => Array
        (
            [0] => 2
        )

    [status] => active
)


[2025-06-27 01:17:02] [INFO] POST Data: Array
(
    [form_action] => update
    [type] => employee
    [id] => 2
    [username] => user1
    [password] => 
    [first_name] => JeorgeRRR
    [last_name] => Elevencionado
    [email] => jeorgeandreielevencionado@gmail.com
    [phone] => 09186913589
    [department] => CET
    [position] => head
    [roles] => Array
        (
            [0] => 2
        )

    [status] => active
)

[27-Jun-2025 01:17:02 Asia/Manila] [2025-06-27 01:17:02] [INFO] Session Data: Array
(
    [user_id] => 1
    [username] => admin
    [full_name] => System Administrator
    [roles] => Array
        (
            [0] => Admin
        )

)


[2025-06-27 01:17:02] [INFO] Session Data: Array
(
    [user_id] => 1
    [username] => admin
    [full_name] => System Administrator
    [roles] => Array
        (
            [0] => Admin
        )

)

[27-Jun-2025 01:17:02 Asia/Manila] Database connection successful
[27-Jun-2025 01:17:02 Asia/Manila] [2025-06-27 01:17:02] [INFO] Processing action: update, type: employee

[2025-06-27 01:17:02] [INFO] Processing action: update, type: employee
[27-Jun-2025 01:17:02 Asia/Manila] Database connection successful
[27-Jun-2025 20:26:13 Asia/Manila] [2025-06-27 20:26:13] [INFO] === New Request Started ===

[2025-06-27 20:26:13] [INFO] === New Request Started ===
[27-Jun-2025 20:26:13 Asia/Manila] [2025-06-27 20:26:13] [INFO] Request Method: POST

[2025-06-27 20:26:13] [INFO] Request Method: POST
[27-Jun-2025 20:26:13 Asia/Manila] [2025-06-27 20:26:13] [INFO] POST Data: Array
(
    [form_action] => create
    [type] => student
    [username] => user1
    [password] => admin123!
    [first_name] => Jeorge Andrei
    [last_name] => Elevencionado
    [email] => jeorgeandreielevencionado@gmail.com
    [phone] => 09186913589
    [student_department] => CET
    [roles] => 4
    [status] => active
)


[2025-06-27 20:26:13] [INFO] POST Data: Array
(
    [form_action] => create
    [type] => student
    [username] => user1
    [password] => admin123!
    [first_name] => Jeorge Andrei
    [last_name] => Elevencionado
    [email] => jeorgeandreielevencionado@gmail.com
    [phone] => 09186913589
    [student_department] => CET
    [roles] => 4
    [status] => active
)

[27-Jun-2025 20:26:13 Asia/Manila] [2025-06-27 20:26:13] [INFO] Session Data: Array
(
    [user_id] => 1
    [username] => admin
    [full_name] => System Administrator
    [roles] => Array
        (
            [0] => Admin
        )

)


[2025-06-27 20:26:13] [INFO] Session Data: Array
(
    [user_id] => 1
    [username] => admin
    [full_name] => System Administrator
    [roles] => Array
        (
            [0] => Admin
        )

)

[27-Jun-2025 20:26:13 Asia/Manila] Database connection successful
[27-Jun-2025 20:26:13 Asia/Manila] [2025-06-27 20:26:13] [INFO] Processing action: create, type: student

[2025-06-27 20:26:13] [INFO] Processing action: create, type: student
[27-Jun-2025 20:26:13 Asia/Manila] === DEBUG START ===
[27-Jun-2025 20:26:13 Asia/Manila] Array
(
    [POST Data] => Array
        (
            [form_action] => create
            [type] => student
            [username] => user1
            [password] => admin123!
            [first_name] => Jeorge Andrei
            [last_name] => Elevencionado
            [email] => jeorgeandreielevencionado@gmail.com
            [phone] => 09186913589
            [student_department] => CET
            [roles] => 4
            [status] => active
        )

    [Session] => Array
        (
            [user_id] => 1
            [username] => admin
            [full_name] => System Administrator
            [roles] => Array
                (
                    [0] => Admin
                )

        )

    [Files] => Array
        (
        )

    [Server] => Array
        (
            [MIBDIRS] => C:/xampp/php/extras/mibs
            [MYSQL_HOME] => \xampp\mysql\bin
            [OPENSSL_CONF] => C:/xampp/apache/bin/openssl.cnf
            [PHP_PEAR_SYSCONF_DIR] => \xampp\php
            [PHPRC] => \xampp\php
            [TMP] => \xampp\tmp
            [HTTP_HOST] => localhost
            [HTTP_CONNECTION] => keep-alive
            [CONTENT_LENGTH] => 223
            [HTTP_CACHE_CONTROL] => max-age=0
            [HTTP_SEC_CH_UA] => "Chromium";v="134", "Not:A-Brand";v="24", "Opera GX";v="119"
            [HTTP_SEC_CH_UA_MOBILE] => ?0
            [HTTP_SEC_CH_UA_PLATFORM] => "Windows"
            [HTTP_ORIGIN] => http://localhost
            [CONTENT_TYPE] => application/x-www-form-urlencoded
            [HTTP_UPGRADE_INSECURE_REQUESTS] => 1
            [HTTP_USER_AGENT] => Mozilla/5.0 (Windows NT 10.0; Win64; x64) AppleWebKit/537.36 (KHTML, like Gecko) Chrome/134.0.0.0 Safari/537.36 OPR/119.0.0.0
            [HTTP_ACCEPT] => text/html,application/xhtml+xml,application/xml;q=0.9,image/avif,image/webp,image/apng,*/*;q=0.8,application/signed-exchange;v=b3;q=0.7
            [HTTP_SEC_FETCH_SITE] => same-origin
            [HTTP_SEC_FETCH_MODE] => navigate
            [HTTP_SEC_FETCH_USER] => ?1
            [HTTP_SEC_FETCH_DEST] => document
            [HTTP_REFERER] => http://localhost/IASPROJECT/views/admin/users/create.php?type=student
            [HTTP_ACCEPT_ENCODING] => gzip, deflate, br, zstd
            [HTTP_ACCEPT_LANGUAGE] => en-US,en;q=0.9
            [HTTP_COOKIE] => PHPSESSID=sqmmgbdtisg73skigs45ftojto
            [PATH] => C:\Windows\system32;C:\Windows;C:\Windows\System32\Wbem;C:\Windows\System32\WindowsPowerShell\v1.0\;C:\Windows\System32\OpenSSH\;C:\xampp\php;C:\ProgramData\ComposerSetup\bin;C:\Program Files\nodejs\;C:\Program Files\Git\cmd;C:\Users\User\AppData\Local\Programs\Python\Python310\Scripts\;C:\Users\User\AppData\Local\Programs\Python\Python310\;C:\Users\User\AppData\Local\Microsoft\WindowsApps;C:\Users\User\AppData\Roaming\Composer\vendor\bin;C:\Users\User\AppData\Roaming\npm;C:\Users\User\AppData\Local\GitHubDesktop\bin;C:\Program Files\OpenSSL-Win64\bin;C:\Users\User\AppData\Local\Programs\cursor\resources\app\bin
            [SystemRoot] => C:\Windows
            [COMSPEC] => C:\Windows\system32\cmd.exe
            [PATHEXT] => .COM;.EXE;.BAT;.CMD;.VBS;.VBE;.JS;.JSE;.WSF;.WSH;.MSC
            [WINDIR] => C:\Windows
            [SERVER_SIGNATURE] => <address>Apache/2.4.58 (Win64) OpenSSL/3.1.3 PHP/8.2.12 Server at localhost Port 80</address>

            [SERVER_SOFTWARE] => Apache/2.4.58 (Win64) OpenSSL/3.1.3 PHP/8.2.12
            [SERVER_NAME] => localhost
            [SERVER_ADDR] => ::1
            [SERVER_PORT] => 80
            [REMOTE_ADDR] => ::1
            [DOCUMENT_ROOT] => C:/xampp/htdocs
            [REQUEST_SCHEME] => http
            [CONTEXT_PREFIX] => 
            [CONTEXT_DOCUMENT_ROOT] => C:/xampp/htdocs
            [SERVER_ADMIN] => postmaster@localhost
            [SCRIPT_FILENAME] => C:/xampp/htdocs/IASPROJECT/views/admin/users/process.php
            [REMOTE_PORT] => 54937
            [GATEWAY_INTERFACE] => CGI/1.1
            [SERVER_PROTOCOL] => HTTP/1.1
            [REQUEST_METHOD] => POST
            [QUERY_STRING] => 
            [REQUEST_URI] => /IASPROJECT/views/admin/users/process.php
            [SCRIPT_NAME] => /IASPROJECT/views/admin/users/process.php
            [PHP_SELF] => /IASPROJECT/views/admin/users/process.php
            [REQUEST_TIME_FLOAT] => 1751027173.7867
            [REQUEST_TIME] => 1751027173
        )

)

[27-Jun-2025 20:26:13 Asia/Manila] === DEBUG END ===
[27-Jun-2025 20:26:13 Asia/Manila] [2025-06-27 20:26:13] [INFO] Started transaction

[2025-06-27 20:26:13] [INFO] Started transaction
[27-Jun-2025 20:26:13 Asia/Manila] Database connection successful
[27-Jun-2025 20:26:13 Asia/Manila] Error logging activity: SQLSTATE[42S22]: Column not found: 1054 Unknown column 'user_type' in 'field list'
[27-Jun-2025 20:26:13 Asia/Manila] [2025-06-27 20:26:13] [INFO] Success: Student created successfully.

[2025-06-27 20:26:13] [INFO] Success: Student created successfully.
[27-Jun-2025 20:31:51 Asia/Manila] [2025-06-27 20:31:51] [INFO] === New Request Started ===

[2025-06-27 20:31:51] [INFO] === New Request Started ===
[27-Jun-2025 20:31:51 Asia/Manila] [2025-06-27 20:31:51] [INFO] Request Method: POST

[2025-06-27 20:31:51] [INFO] Request Method: POST
[27-Jun-2025 20:31:51 Asia/Manila] [2025-06-27 20:31:51] [INFO] POST Data: Array
(
    [form_action] => create
    [type] => student
    [username] => user2
    [password] => password
    [first_name] => Jeorge Andrei
    [last_name] => Elevencionado
    [email] => jeorgeeleven@gmail.com
    [phone] => 09186913589
    [student_number] => 2011810023
    [student_department] => CET
    [roles] => 4
    [status] => active
)


[2025-06-27 20:31:51] [INFO] POST Data: Array
(
    [form_action] => create
    [type] => student
    [username] => user2
    [password] => password
    [first_name] => Jeorge Andrei
    [last_name] => Elevencionado
    [email] => jeorgeeleven@gmail.com
    [phone] => 09186913589
    [student_number] => 2011810023
    [student_department] => CET
    [roles] => 4
    [status] => active
)

[27-Jun-2025 20:31:51 Asia/Manila] [2025-06-27 20:31:51] [INFO] Session Data: Array
(
    [user_id] => 1
    [username] => admin
    [full_name] => System Administrator
    [roles] => Array
        (
            [0] => Admin
        )

)


[2025-06-27 20:31:51] [INFO] Session Data: Array
(
    [user_id] => 1
    [username] => admin
    [full_name] => System Administrator
    [roles] => Array
        (
            [0] => Admin
        )

)

[27-Jun-2025 20:31:51 Asia/Manila] Database connection successful
[27-Jun-2025 20:31:51 Asia/Manila] Database connection successful
[27-Jun-2025 20:31:51 Asia/Manila] [2025-06-27 20:31:51] [INFO] Processing action: create, type: student

[2025-06-27 20:31:51] [INFO] Processing action: create, type: student
[27-Jun-2025 20:31:51 Asia/Manila] === DEBUG START ===
[27-Jun-2025 20:31:51 Asia/Manila] Array
(
    [POST Data] => Array
        (
            [form_action] => create
            [type] => student
            [username] => user2
            [password] => password
            [first_name] => Jeorge Andrei
            [last_name] => Elevencionado
            [email] => jeorgeeleven@gmail.com
            [phone] => 09186913589
            [student_number] => 2011810023
            [student_department] => CET
            [roles] => 4
            [status] => active
        )

    [Session] => Array
        (
            [user_id] => 1
            [username] => admin
            [full_name] => System Administrator
            [roles] => Array
                (
                    [0] => Admin
                )

        )

    [Files] => Array
        (
        )

    [Server] => Array
        (
            [MIBDIRS] => C:/xampp/php/extras/mibs
            [MYSQL_HOME] => \xampp\mysql\bin
            [OPENSSL_CONF] => C:/xampp/apache/bin/openssl.cnf
            [PHP_PEAR_SYSCONF_DIR] => \xampp\php
            [PHPRC] => \xampp\php
            [TMP] => \xampp\tmp
            [HTTP_HOST] => localhost
            [HTTP_CONNECTION] => keep-alive
            [CONTENT_LENGTH] => 233
            [HTTP_CACHE_CONTROL] => max-age=0
            [HTTP_SEC_CH_UA] => "Chromium";v="134", "Not:A-Brand";v="24", "Opera GX";v="119"
            [HTTP_SEC_CH_UA_MOBILE] => ?0
            [HTTP_SEC_CH_UA_PLATFORM] => "Windows"
            [HTTP_ORIGIN] => http://localhost
            [CONTENT_TYPE] => application/x-www-form-urlencoded
            [HTTP_UPGRADE_INSECURE_REQUESTS] => 1
            [HTTP_USER_AGENT] => Mozilla/5.0 (Windows NT 10.0; Win64; x64) AppleWebKit/537.36 (KHTML, like Gecko) Chrome/134.0.0.0 Safari/537.36 OPR/119.0.0.0
            [HTTP_ACCEPT] => text/html,application/xhtml+xml,application/xml;q=0.9,image/avif,image/webp,image/apng,*/*;q=0.8,application/signed-exchange;v=b3;q=0.7
            [HTTP_SEC_FETCH_SITE] => same-origin
            [HTTP_SEC_FETCH_MODE] => navigate
            [HTTP_SEC_FETCH_USER] => ?1
            [HTTP_SEC_FETCH_DEST] => document
            [HTTP_REFERER] => http://localhost/IASPROJECT/views/admin/users/create.php?type=student
            [HTTP_ACCEPT_ENCODING] => gzip, deflate, br, zstd
            [HTTP_ACCEPT_LANGUAGE] => en-US,en;q=0.9
            [HTTP_COOKIE] => PHPSESSID=jkq30nn3n89847qc9k0oh2j0co
            [PATH] => C:\Windows\system32;C:\Windows;C:\Windows\System32\Wbem;C:\Windows\System32\WindowsPowerShell\v1.0\;C:\Windows\System32\OpenSSH\;C:\xampp\php;C:\ProgramData\ComposerSetup\bin;C:\Program Files\nodejs\;C:\Program Files\Git\cmd;C:\Users\User\AppData\Local\Programs\Python\Python310\Scripts\;C:\Users\User\AppData\Local\Programs\Python\Python310\;C:\Users\User\AppData\Local\Microsoft\WindowsApps;C:\Users\User\AppData\Roaming\Composer\vendor\bin;C:\Users\User\AppData\Roaming\npm;C:\Users\User\AppData\Local\GitHubDesktop\bin;C:\Program Files\OpenSSL-Win64\bin;C:\Users\User\AppData\Local\Programs\cursor\resources\app\bin
            [SystemRoot] => C:\Windows
            [COMSPEC] => C:\Windows\system32\cmd.exe
            [PATHEXT] => .COM;.EXE;.BAT;.CMD;.VBS;.VBE;.JS;.JSE;.WSF;.WSH;.MSC
            [WINDIR] => C:\Windows
            [SERVER_SIGNATURE] => <address>Apache/2.4.58 (Win64) OpenSSL/3.1.3 PHP/8.2.12 Server at localhost Port 80</address>

            [SERVER_SOFTWARE] => Apache/2.4.58 (Win64) OpenSSL/3.1.3 PHP/8.2.12
            [SERVER_NAME] => localhost
            [SERVER_ADDR] => ::1
            [SERVER_PORT] => 80
            [REMOTE_ADDR] => ::1
            [DOCUMENT_ROOT] => C:/xampp/htdocs
            [REQUEST_SCHEME] => http
            [CONTEXT_PREFIX] => 
            [CONTEXT_DOCUMENT_ROOT] => C:/xampp/htdocs
            [SERVER_ADMIN] => postmaster@localhost
            [SCRIPT_FILENAME] => C:/xampp/htdocs/IASPROJECT/views/admin/users/process.php
            [REMOTE_PORT] => 55506
            [GATEWAY_INTERFACE] => CGI/1.1
            [SERVER_PROTOCOL] => HTTP/1.1
            [REQUEST_METHOD] => POST
            [QUERY_STRING] => 
            [REQUEST_URI] => /IASPROJECT/views/admin/users/process.php
            [SCRIPT_NAME] => /IASPROJECT/views/admin/users/process.php
            [PHP_SELF] => /IASPROJECT/views/admin/users/process.php
            [REQUEST_TIME_FLOAT] => 1751027511.5748
            [REQUEST_TIME] => 1751027511
        )

)

[27-Jun-2025 20:31:51 Asia/Manila] === DEBUG END ===
[27-Jun-2025 20:31:51 Asia/Manila] [2025-06-27 20:31:51] [INFO] Started transaction

[2025-06-27 20:31:51] [INFO] Started transaction
[27-Jun-2025 20:31:51 Asia/Manila] Database connection successful
[27-Jun-2025 20:31:51 Asia/Manila] Error logging activity: SQLSTATE[42S22]: Column not found: 1054 Unknown column 'user_type' in 'field list'
[27-Jun-2025 20:31:51 Asia/Manila] [2025-06-27 20:31:51] [INFO] Success: Student created successfully.

[2025-06-27 20:31:51] [INFO] Success: Student created successfully.
[27-Jun-2025 20:48:21 Asia/Manila] [2025-06-27 20:48:21] [INFO] === New Request Started ===

[2025-06-27 20:48:21] [INFO] === New Request Started ===
[27-Jun-2025 20:48:21 Asia/Manila] [2025-06-27 20:48:21] [INFO] Request Method: GET

[2025-06-27 20:48:21] [INFO] Request Method: GET
[27-Jun-2025 20:48:21 Asia/Manila] [2025-06-27 20:48:21] [INFO] POST Data: Array
(
)


[2025-06-27 20:48:21] [INFO] POST Data: Array
(
)

[27-Jun-2025 20:48:21 Asia/Manila] [2025-06-27 20:48:21] [INFO] Session Data: Array
(
    [user_id] => 1
    [username] => admin
    [full_name] => System Administrator
    [roles] => Array
        (
            [0] => Admin
        )

)


[2025-06-27 20:48:21] [INFO] Session Data: Array
(
    [user_id] => 1
    [username] => admin
    [full_name] => System Administrator
    [roles] => Array
        (
            [0] => Admin
        )

)

[27-Jun-2025 20:48:21 Asia/Manila] Database connection successful
[27-Jun-2025 20:48:21 Asia/Manila] Database connection successful
[27-Jun-2025 20:48:26 Asia/Manila] [2025-06-27 20:48:26] [INFO] === New Request Started ===

[2025-06-27 20:48:26] [INFO] === New Request Started ===
[27-Jun-2025 20:48:26 Asia/Manila] [2025-06-27 20:48:26] [INFO] Request Method: GET

[2025-06-27 20:48:26] [INFO] Request Method: GET
[27-Jun-2025 20:48:26 Asia/Manila] [2025-06-27 20:48:26] [INFO] POST Data: Array
(
)


[2025-06-27 20:48:26] [INFO] POST Data: Array
(
)

[27-Jun-2025 20:48:26 Asia/Manila] [2025-06-27 20:48:26] [INFO] Session Data: Array
(
    [user_id] => 1
    [username] => admin
    [full_name] => System Administrator
    [roles] => Array
        (
            [0] => Admin
        )

)


[2025-06-27 20:48:26] [INFO] Session Data: Array
(
    [user_id] => 1
    [username] => admin
    [full_name] => System Administrator
    [roles] => Array
        (
            [0] => Admin
        )

)

[27-Jun-2025 20:48:26 Asia/Manila] Database connection successful
[27-Jun-2025 20:48:26 Asia/Manila] Database connection successful
[27-Jun-2025 20:48:33 Asia/Manila] [2025-06-27 20:48:33] [INFO] === New Request Started ===

[2025-06-27 20:48:33] [INFO] === New Request Started ===
[27-Jun-2025 20:48:33 Asia/Manila] [2025-06-27 20:48:33] [INFO] Request Method: POST

[2025-06-27 20:48:33] [INFO] Request Method: POST
[27-Jun-2025 20:48:33 Asia/Manila] [2025-06-27 20:48:33] [INFO] POST Data: Array
(
    [form_action] => update
    [id] => 2
    [username] => user11
    [password] => 
    [first_name] => Jeorge
    [last_name] => Elevencionado
    [email] => jeorgeandreielevencionado@gmail.com
    [phone] => 09186913589
    [student_department] => CET
    [roles] => Array
        (
            [0] => 4
        )

    [status] => active
)


[2025-06-27 20:48:33] [INFO] POST Data: Array
(
    [form_action] => update
    [id] => 2
    [username] => user11
    [password] => 
    [first_name] => Jeorge
    [last_name] => Elevencionado
    [email] => jeorgeandreielevencionado@gmail.com
    [phone] => 09186913589
    [student_department] => CET
    [roles] => Array
        (
            [0] => 4
        )

    [status] => active
)

[27-Jun-2025 20:48:33 Asia/Manila] [2025-06-27 20:48:33] [INFO] Session Data: Array
(
    [user_id] => 1
    [username] => admin
    [full_name] => System Administrator
    [roles] => Array
        (
            [0] => Admin
        )

)


[2025-06-27 20:48:33] [INFO] Session Data: Array
(
    [user_id] => 1
    [username] => admin
    [full_name] => System Administrator
    [roles] => Array
        (
            [0] => Admin
        )

)

[27-Jun-2025 20:48:33 Asia/Manila] Database connection successful
[27-Jun-2025 20:48:33 Asia/Manila] Database connection successful
[27-Jun-2025 20:48:33 Asia/Manila] [2025-06-27 20:48:33] [INFO] Processing action: update, type: 

[2025-06-27 20:48:33] [INFO] Processing action: update, type: 
[27-Jun-2025 20:48:43 Asia/Manila] [2025-06-27 20:48:43] [INFO] === New Request Started ===

[2025-06-27 20:48:43] [INFO] === New Request Started ===
[27-Jun-2025 20:48:43 Asia/Manila] [2025-06-27 20:48:43] [INFO] Request Method: POST

[2025-06-27 20:48:43] [INFO] Request Method: POST
[27-Jun-2025 20:48:43 Asia/Manila] [2025-06-27 20:48:43] [INFO] POST Data: Array
(
    [form_action] => update
    [id] => 3
    [username] => user22
    [password] => 
    [first_name] => Jeorge
    [last_name] => Elevencionado
    [email] => jeorgeeleven@gmail.com
    [phone] => 09186913589
    [student_department] => CET
    [roles] => Array
        (
            [0] => 4
        )

    [status] => active
)


[2025-06-27 20:48:43] [INFO] POST Data: Array
(
    [form_action] => update
    [id] => 3
    [username] => user22
    [password] => 
    [first_name] => Jeorge
    [last_name] => Elevencionado
    [email] => jeorgeeleven@gmail.com
    [phone] => 09186913589
    [student_department] => CET
    [roles] => Array
        (
            [0] => 4
        )

    [status] => active
)

[27-Jun-2025 20:48:43 Asia/Manila] [2025-06-27 20:48:43] [INFO] Session Data: Array
(
    [user_id] => 1
    [username] => admin
    [full_name] => System Administrator
    [roles] => Array
        (
            [0] => Admin
        )

)


[2025-06-27 20:48:43] [INFO] Session Data: Array
(
    [user_id] => 1
    [username] => admin
    [full_name] => System Administrator
    [roles] => Array
        (
            [0] => Admin
        )

)

[27-Jun-2025 20:48:43 Asia/Manila] Database connection successful
[27-Jun-2025 20:48:43 Asia/Manila] Database connection successful
[27-Jun-2025 20:48:43 Asia/Manila] [2025-06-27 20:48:43] [INFO] Processing action: update, type: 

[2025-06-27 20:48:43] [INFO] Processing action: update, type: 
[27-Jun-2025 20:54:49 Asia/Manila] [2025-06-27 20:54:49] [INFO] === New Request Started ===

[2025-06-27 20:54:49] [INFO] === New Request Started ===
[27-Jun-2025 20:54:49 Asia/Manila] [2025-06-27 20:54:49] [INFO] Request Method: POST

[2025-06-27 20:54:49] [INFO] Request Method: POST
[27-Jun-2025 20:54:49 Asia/Manila] [2025-06-27 20:54:49] [INFO] POST Data: Array
(
    [form_action] => update
    [id] => 3
    [username] => user23
    [password] => 
    [first_name] => Jeorge
    [last_name] => Elevencionado
    [email] => jeorgeeleven11@gmail.com
    [phone] => 09186913589
    [student_department] => CET
    [roles] => Array
        (
            [0] => 4
        )

    [status] => active
)


[2025-06-27 20:54:49] [INFO] POST Data: Array
(
    [form_action] => update
    [id] => 3
    [username] => user23
    [password] => 
    [first_name] => Jeorge
    [last_name] => Elevencionado
    [email] => jeorgeeleven11@gmail.com
    [phone] => 09186913589
    [student_department] => CET
    [roles] => Array
        (
            [0] => 4
        )

    [status] => active
)

[27-Jun-2025 20:54:49 Asia/Manila] [2025-06-27 20:54:49] [INFO] Session Data: Array
(
    [user_id] => 1
    [username] => admin
    [full_name] => System Administrator
    [roles] => Array
        (
            [0] => Admin
        )

)


[2025-06-27 20:54:49] [INFO] Session Data: Array
(
    [user_id] => 1
    [username] => admin
    [full_name] => System Administrator
    [roles] => Array
        (
            [0] => Admin
        )

)

[27-Jun-2025 20:54:49 Asia/Manila] Database connection successful
[27-Jun-2025 20:54:49 Asia/Manila] Database connection successful
[27-Jun-2025 20:54:49 Asia/Manila] [2025-06-27 20:54:49] [INFO] Processing action: update, type: 

[2025-06-27 20:54:49] [INFO] Processing action: update, type: 
[27-Jun-2025 20:54:58 Asia/Manila] [2025-06-27 20:54:58] [INFO] === New Request Started ===

[2025-06-27 20:54:58] [INFO] === New Request Started ===
[27-Jun-2025 20:54:58 Asia/Manila] [2025-06-27 20:54:58] [INFO] Request Method: POST

[2025-06-27 20:54:58] [INFO] Request Method: POST
[27-Jun-2025 20:54:58 Asia/Manila] [2025-06-27 20:54:58] [INFO] POST Data: Array
(
    [form_action] => update
    [id] => 3
    [username] => user2
    [password] => 
    [first_name] => Jeorge
    [last_name] => Elevencionadoee
    [email] => jeorgeeleven11@gmail.com
    [phone] => 09186913589
    [student_department] => CET
    [roles] => Array
        (
            [0] => 4
        )

    [status] => active
)


[2025-06-27 20:54:58] [INFO] POST Data: Array
(
    [form_action] => update
    [id] => 3
    [username] => user2
    [password] => 
    [first_name] => Jeorge
    [last_name] => Elevencionadoee
    [email] => jeorgeeleven11@gmail.com
    [phone] => 09186913589
    [student_department] => CET
    [roles] => Array
        (
            [0] => 4
        )

    [status] => active
)

[27-Jun-2025 20:54:58 Asia/Manila] [2025-06-27 20:54:58] [INFO] Session Data: Array
(
    [user_id] => 1
    [username] => admin
    [full_name] => System Administrator
    [roles] => Array
        (
            [0] => Admin
        )

)


[2025-06-27 20:54:58] [INFO] Session Data: Array
(
    [user_id] => 1
    [username] => admin
    [full_name] => System Administrator
    [roles] => Array
        (
            [0] => Admin
        )

)

[27-Jun-2025 20:54:58 Asia/Manila] Database connection successful
[27-Jun-2025 20:54:58 Asia/Manila] Database connection successful
[27-Jun-2025 20:54:58 Asia/Manila] [2025-06-27 20:54:58] [INFO] Processing action: update, type: 

[2025-06-27 20:54:58] [INFO] Processing action: update, type: 
[27-Jun-2025 20:57:25 Asia/Manila] [2025-06-27 20:57:25] [INFO] === New Request Started ===

[2025-06-27 20:57:25] [INFO] === New Request Started ===
[27-Jun-2025 20:57:25 Asia/Manila] [2025-06-27 20:57:25] [INFO] Request Method: POST

[2025-06-27 20:57:25] [INFO] Request Method: POST
[27-Jun-2025 20:57:25 Asia/Manila] [2025-06-27 20:57:25] [INFO] POST Data: Array
(
    [form_action] => update
    [id] => 3
    [username] => user22
    [password] => 
    [first_name] => Jeorge
    [last_name] => Elevencionado
    [email] => jeorgeeleven11@gmail.com
    [phone] => 09186913589
    [student_department] => CET
    [roles] => Array
        (
            [0] => 4
        )

    [status] => active
)


[2025-06-27 20:57:25] [INFO] POST Data: Array
(
    [form_action] => update
    [id] => 3
    [username] => user22
    [password] => 
    [first_name] => Jeorge
    [last_name] => Elevencionado
    [email] => jeorgeeleven11@gmail.com
    [phone] => 09186913589
    [student_department] => CET
    [roles] => Array
        (
            [0] => 4
        )

    [status] => active
)

[27-Jun-2025 20:57:25 Asia/Manila] [2025-06-27 20:57:25] [INFO] Session Data: Array
(
    [user_id] => 1
    [username] => admin
    [full_name] => System Administrator
    [roles] => Array
        (
            [0] => Admin
        )

)


[2025-06-27 20:57:25] [INFO] Session Data: Array
(
    [user_id] => 1
    [username] => admin
    [full_name] => System Administrator
    [roles] => Array
        (
            [0] => Admin
        )

)

[27-Jun-2025 20:57:25 Asia/Manila] Database connection successful
[27-Jun-2025 20:57:25 Asia/Manila] Database connection successful
[27-Jun-2025 20:57:25 Asia/Manila] [2025-06-27 20:57:25] [INFO] Processing action: update, type: 

[2025-06-27 20:57:25] [INFO] Processing action: update, type: 
[27-Jun-2025 20:57:25 Asia/Manila] Database connection successful
[27-Jun-2025 21:23:00 Asia/Manila] [2025-06-27 21:23:00] [INFO] === New Request Started ===

[2025-06-27 21:23:00] [INFO] === New Request Started ===
[27-Jun-2025 21:23:00 Asia/Manila] [2025-06-27 21:23:00] [INFO] Request Method: POST

[2025-06-27 21:23:00] [INFO] Request Method: POST
[27-Jun-2025 21:23:00 Asia/Manila] [2025-06-27 21:23:00] [INFO] POST Data: Array
(
    [form_action] => update
    [id] => 3
    [username] => user22
    [password] => 
    [first_name] => Jeorgeee
    [last_name] => Elevencionado
    [email] => jeorgeeleven1@gmail.com
    [phone] => 09186913581
    [student_department] => 
    [roles] => Array
        (
            [0] => 4
        )

    [status] => active
)


[2025-06-27 21:23:00] [INFO] POST Data: Array
(
    [form_action] => update
    [id] => 3
    [username] => user22
    [password] => 
    [first_name] => Jeorgeee
    [last_name] => Elevencionado
    [email] => jeorgeeleven1@gmail.com
    [phone] => 09186913581
    [student_department] => 
    [roles] => Array
        (
            [0] => 4
        )

    [status] => active
)

[27-Jun-2025 21:23:00 Asia/Manila] [2025-06-27 21:23:00] [INFO] Session Data: Array
(
    [user_id] => 1
    [username] => admin
    [full_name] => superadmin
    [roles] => Array
        (
            [0] => Admin
        )

)


[2025-06-27 21:23:00] [INFO] Session Data: Array
(
    [user_id] => 1
    [username] => admin
    [full_name] => superadmin
    [roles] => Array
        (
            [0] => Admin
        )

)

[27-Jun-2025 21:23:00 Asia/Manila] Database connection successful
[27-Jun-2025 21:23:00 Asia/Manila] Database connection successful
[27-Jun-2025 21:23:00 Asia/Manila] [2025-06-27 21:23:00] [INFO] Processing action: update, type: 

[2025-06-27 21:23:00] [INFO] Processing action: update, type: 
[27-Jun-2025 21:23:01 Asia/Manila] Database connection successful
[27-Jun-2025 23:24:20 Asia/Manila] [2025-06-27 23:24:20] [INFO] === New Request Started ===

[2025-06-27 23:24:20] [INFO] === New Request Started ===
[27-Jun-2025 23:24:20 Asia/Manila] [2025-06-27 23:24:20] [INFO] Request Method: GET

[2025-06-27 23:24:20] [INFO] Request Method: GET
[27-Jun-2025 23:24:20 Asia/Manila] [2025-06-27 23:24:20] [INFO] POST Data: Array
(
)


[2025-06-27 23:24:20] [INFO] POST Data: Array
(
)

[27-Jun-2025 23:24:20 Asia/Manila] [2025-06-27 23:24:20] [INFO] Session Data: Array
(
    [user_id] => 1
    [username] => admin
    [full_name] => superadmin11
    [roles] => Array
        (
            [0] => Admin
        )

)


[2025-06-27 23:24:20] [INFO] Session Data: Array
(
    [user_id] => 1
    [username] => admin
    [full_name] => superadmin11
    [roles] => Array
        (
            [0] => Admin
        )

)

[27-Jun-2025 23:24:20 Asia/Manila] New database connection established.
[27-Jun-2025 23:24:20 Asia/Manila] New database connection established.
[27-Jun-2025 23:25:49 Asia/Manila] [2025-06-27 23:25:49] [INFO] === New Request Started ===

[2025-06-27 23:25:49] [INFO] === New Request Started ===
[27-Jun-2025 23:25:49 Asia/Manila] [2025-06-27 23:25:49] [INFO] Request Method: GET

[2025-06-27 23:25:49] [INFO] Request Method: GET
[27-Jun-2025 23:25:49 Asia/Manila] [2025-06-27 23:25:49] [INFO] POST Data: Array
(
)


[2025-06-27 23:25:49] [INFO] POST Data: Array
(
)

[27-Jun-2025 23:25:49 Asia/Manila] [2025-06-27 23:25:49] [INFO] Session Data: Array
(
    [user_id] => 1
    [username] => admin
    [full_name] => superadmin11
    [roles] => Array
        (
            [0] => Admin
        )

)


[2025-06-27 23:25:49] [INFO] Session Data: Array
(
    [user_id] => 1
    [username] => admin
    [full_name] => superadmin11
    [roles] => Array
        (
            [0] => Admin
        )

)

[27-Jun-2025 23:25:49 Asia/Manila] New database connection established.
[27-Jun-2025 23:25:49 Asia/Manila] New database connection established.
[27-Jun-2025 23:33:28 Asia/Manila] [2025-06-27 23:33:28] [INFO] === New Request Started ===

[2025-06-27 23:33:28] [INFO] === New Request Started ===
[27-Jun-2025 23:33:28 Asia/Manila] [2025-06-27 23:33:28] [INFO] Request Method: POST

[2025-06-27 23:33:28] [INFO] Request Method: POST
[27-Jun-2025 23:33:28 Asia/Manila] [2025-06-27 23:33:28] [INFO] POST Data: Array
(
    [form_action] => create
    [type] => student
    [username] => student1
    [password] => password
    [first_name] => Jeorge Andrei
    [last_name] => Elevencionado
    [email] => jeorgeandreielevencionado@gmail.com
    [phone] => 09186913589
    [student_number] => 2011810023
    [student_department] => CET
    [roles] => 4
    [status] => active
)


[2025-06-27 23:33:28] [INFO] POST Data: Array
(
    [form_action] => create
    [type] => student
    [username] => student1
    [password] => password
    [first_name] => Jeorge Andrei
    [last_name] => Elevencionado
    [email] => jeorgeandreielevencionado@gmail.com
    [phone] => 09186913589
    [student_number] => 2011810023
    [student_department] => CET
    [roles] => 4
    [status] => active
)

[27-Jun-2025 23:33:28 Asia/Manila] [2025-06-27 23:33:28] [INFO] Session Data: Array
(
    [user_id] => 1
    [username] => admin
    [full_name] => superadmin11
    [roles] => Array
        (
            [0] => Admin
        )

)


[2025-06-27 23:33:28] [INFO] Session Data: Array
(
    [user_id] => 1
    [username] => admin
    [full_name] => superadmin11
    [roles] => Array
        (
            [0] => Admin
        )

)

[27-Jun-2025 23:33:28 Asia/Manila] New database connection established.
[27-Jun-2025 23:33:28 Asia/Manila] New database connection established.
[27-Jun-2025 23:33:28 Asia/Manila] [2025-06-27 23:33:28] [INFO] Processing action: create, type: student

[2025-06-27 23:33:28] [INFO] Processing action: create, type: student
[27-Jun-2025 23:33:28 Asia/Manila] === DEBUG START ===
[27-Jun-2025 23:33:28 Asia/Manila] Array
(
    [POST Data] => Array
        (
            [form_action] => create
            [type] => student
            [username] => student1
            [password] => password
            [first_name] => Jeorge Andrei
            [last_name] => Elevencionado
            [email] => jeorgeandreielevencionado@gmail.com
            [phone] => 09186913589
            [student_number] => 2011810023
            [student_department] => CET
            [roles] => 4
            [status] => active
        )

    [Session] => Array
        (
            [user_id] => 1
            [username] => admin
            [full_name] => superadmin11
            [roles] => Array
                (
                    [0] => Admin
                )

        )

    [Files] => Array
        (
        )

    [Server] => Array
        (
            [MIBDIRS] => C:/xampp/php/extras/mibs
            [MYSQL_HOME] => \xampp\mysql\bin
            [OPENSSL_CONF] => C:/xampp/apache/bin/openssl.cnf
            [PHP_PEAR_SYSCONF_DIR] => \xampp\php
            [PHPRC] => \xampp\php
            [TMP] => \xampp\tmp
            [HTTP_HOST] => localhost
            [HTTP_CONNECTION] => keep-alive
            [CONTENT_LENGTH] => 249
            [HTTP_CACHE_CONTROL] => max-age=0
            [HTTP_SEC_CH_UA] => "Chromium";v="134", "Not:A-Brand";v="24", "Opera GX";v="119"
            [HTTP_SEC_CH_UA_MOBILE] => ?0
            [HTTP_SEC_CH_UA_PLATFORM] => "Windows"
            [HTTP_ORIGIN] => http://localhost
            [CONTENT_TYPE] => application/x-www-form-urlencoded
            [HTTP_UPGRADE_INSECURE_REQUESTS] => 1
            [HTTP_USER_AGENT] => Mozilla/5.0 (Windows NT 10.0; Win64; x64) AppleWebKit/537.36 (KHTML, like Gecko) Chrome/134.0.0.0 Safari/537.36 OPR/119.0.0.0
            [HTTP_ACCEPT] => text/html,application/xhtml+xml,application/xml;q=0.9,image/avif,image/webp,image/apng,*/*;q=0.8,application/signed-exchange;v=b3;q=0.7
            [HTTP_SEC_FETCH_SITE] => same-origin
            [HTTP_SEC_FETCH_MODE] => navigate
            [HTTP_SEC_FETCH_USER] => ?1
            [HTTP_SEC_FETCH_DEST] => document
            [HTTP_REFERER] => http://localhost/IASPROJECT/views/admin/users/create.php?type=student
            [HTTP_ACCEPT_ENCODING] => gzip, deflate, br, zstd
            [HTTP_ACCEPT_LANGUAGE] => en-US,en;q=0.9
            [HTTP_COOKIE] => PHPSESSID=v4uf42ekb7141m5ubo0sjnrs9i
            [PATH] => C:\Windows\system32;C:\Windows;C:\Windows\System32\Wbem;C:\Windows\System32\WindowsPowerShell\v1.0\;C:\Windows\System32\OpenSSH\;C:\xampp\php;C:\ProgramData\ComposerSetup\bin;C:\Program Files\nodejs\;C:\Program Files\Git\cmd;C:\Users\User\AppData\Local\Programs\Python\Python310\Scripts\;C:\Users\User\AppData\Local\Programs\Python\Python310\;C:\Users\User\AppData\Local\Microsoft\WindowsApps;C:\Users\User\AppData\Roaming\Composer\vendor\bin;C:\Users\User\AppData\Roaming\npm;C:\Users\User\AppData\Local\GitHubDesktop\bin;C:\Program Files\OpenSSL-Win64\bin;C:\Users\User\AppData\Local\Programs\cursor\resources\app\bin
            [SystemRoot] => C:\Windows
            [COMSPEC] => C:\Windows\system32\cmd.exe
            [PATHEXT] => .COM;.EXE;.BAT;.CMD;.VBS;.VBE;.JS;.JSE;.WSF;.WSH;.MSC
            [WINDIR] => C:\Windows
            [SERVER_SIGNATURE] => <address>Apache/2.4.58 (Win64) OpenSSL/3.1.3 PHP/8.2.12 Server at localhost Port 80</address>

            [SERVER_SOFTWARE] => Apache/2.4.58 (Win64) OpenSSL/3.1.3 PHP/8.2.12
            [SERVER_NAME] => localhost
            [SERVER_ADDR] => ::1
            [SERVER_PORT] => 80
            [REMOTE_ADDR] => ::1
            [DOCUMENT_ROOT] => C:/xampp/htdocs
            [REQUEST_SCHEME] => http
            [CONTEXT_PREFIX] => 
            [CONTEXT_DOCUMENT_ROOT] => C:/xampp/htdocs
            [SERVER_ADMIN] => postmaster@localhost
            [SCRIPT_FILENAME] => C:/xampp/htdocs/IASPROJECT/views/admin/users/process.php
            [REMOTE_PORT] => 63108
            [GATEWAY_INTERFACE] => CGI/1.1
            [SERVER_PROTOCOL] => HTTP/1.1
            [REQUEST_METHOD] => POST
            [QUERY_STRING] => 
            [REQUEST_URI] => /IASPROJECT/views/admin/users/process.php
            [SCRIPT_NAME] => /IASPROJECT/views/admin/users/process.php
            [PHP_SELF] => /IASPROJECT/views/admin/users/process.php
            [REQUEST_TIME_FLOAT] => 1751038408.5306
            [REQUEST_TIME] => 1751038408
        )

)

[27-Jun-2025 23:33:28 Asia/Manila] === DEBUG END ===
[27-Jun-2025 23:33:28 Asia/Manila] [2025-06-27 23:33:28] [INFO] Started transaction

[2025-06-27 23:33:28] [INFO] Started transaction
[27-Jun-2025 23:33:28 Asia/Manila] [2025-06-27 23:33:28] [INFO] Success: Student created successfully.

[2025-06-27 23:33:28] [INFO] Success: Student created successfully.
[29-Jun-2025 19:01:24 Asia/Manila] [2025-06-29 19:01:24] [INFO] === New Request Started ===

[2025-06-29 19:01:24] [INFO] === New Request Started ===
[29-Jun-2025 19:01:24 Asia/Manila] [2025-06-29 19:01:24] [INFO] Request Method: POST

[2025-06-29 19:01:24] [INFO] Request Method: POST
[29-Jun-2025 19:01:24 Asia/Manila] [2025-06-29 19:01:24] [INFO] POST Data: Array
(
    [form_action] => create
    [type] => employee
    [username] => staff1
    [password] => password
    [first_name] => jeorge
    [last_name] => andrei
    [email] => jeorgeeleven11@gmail.com
    [phone] => 09186913589
    [department] => CET
    [position] => head
    [roles] => Array
        (
            [0] => 7
        )

    [status] => active
)


[2025-06-29 19:01:24] [INFO] POST Data: Array
(
    [form_action] => create
    [type] => employee
    [username] => staff1
    [password] => password
    [first_name] => jeorge
    [last_name] => andrei
    [email] => jeorgeeleven11@gmail.com
    [phone] => 09186913589
    [department] => CET
    [position] => head
    [roles] => Array
        (
            [0] => 7
        )

    [status] => active
)

[29-Jun-2025 19:01:24 Asia/Manila] [2025-06-29 19:01:24] [INFO] Session Data: Array
(
    [user_id] => 1
    [username] => admin
    [full_name] => System Administrator
    [roles] => Array
        (
            [0] => Admin
        )

)


[2025-06-29 19:01:24] [INFO] Session Data: Array
(
    [user_id] => 1
    [username] => admin
    [full_name] => System Administrator
    [roles] => Array
        (
            [0] => Admin
        )

)

[29-Jun-2025 19:01:24 Asia/Manila] New database connection established.
[29-Jun-2025 19:01:24 Asia/Manila] New database connection established.
[29-Jun-2025 19:01:24 Asia/Manila] [2025-06-29 19:01:24] [INFO] Processing action: create, type: employee

[2025-06-29 19:01:24] [INFO] Processing action: create, type: employee
[29-Jun-2025 19:01:24 Asia/Manila] === DEBUG START ===
[29-Jun-2025 19:01:24 Asia/Manila] Array
(
    [POST Data] => Array
        (
            [form_action] => create
            [type] => employee
            [username] => staff1
            [password] => password
            [first_name] => jeorge
            [last_name] => andrei
            [email] => jeorgeeleven11@gmail.com
            [phone] => 09186913589
            [department] => CET
            [position] => head
            [roles] => Array
                (
                    [0] => 7
                )

            [status] => active
        )

    [Session] => Array
        (
            [user_id] => 1
            [username] => admin
            [full_name] => System Administrator
            [roles] => Array
                (
                    [0] => Admin
                )

        )

    [Files] => Array
        (
        )

    [Server] => Array
        (
            [MIBDIRS] => C:/xampp/php/extras/mibs
            [MYSQL_HOME] => \xampp\mysql\bin
            [OPENSSL_CONF] => C:/xampp/apache/bin/openssl.cnf
            [PHP_PEAR_SYSCONF_DIR] => \xampp\php
            [PHPRC] => \xampp\php
            [TMP] => \xampp\tmp
            [HTTP_HOST] => localhost
            [HTTP_CONNECTION] => keep-alive
            [CONTENT_LENGTH] => 209
            [HTTP_CACHE_CONTROL] => max-age=0
            [HTTP_SEC_CH_UA] => "Chromium";v="134", "Not:A-Brand";v="24", "Opera GX";v="119"
            [HTTP_SEC_CH_UA_MOBILE] => ?0
            [HTTP_SEC_CH_UA_PLATFORM] => "Windows"
            [HTTP_ORIGIN] => http://localhost
            [CONTENT_TYPE] => application/x-www-form-urlencoded
            [HTTP_UPGRADE_INSECURE_REQUESTS] => 1
            [HTTP_USER_AGENT] => Mozilla/5.0 (Windows NT 10.0; Win64; x64) AppleWebKit/537.36 (KHTML, like Gecko) Chrome/134.0.0.0 Safari/537.36 OPR/119.0.0.0
            [HTTP_ACCEPT] => text/html,application/xhtml+xml,application/xml;q=0.9,image/avif,image/webp,image/apng,*/*;q=0.8,application/signed-exchange;v=b3;q=0.7
            [HTTP_SEC_FETCH_SITE] => same-origin
            [HTTP_SEC_FETCH_MODE] => navigate
            [HTTP_SEC_FETCH_USER] => ?1
            [HTTP_SEC_FETCH_DEST] => document
            [HTTP_REFERER] => http://localhost/IASPROJECT/views/admin/users/create.php?type=employee
            [HTTP_ACCEPT_ENCODING] => gzip, deflate, br, zstd
            [HTTP_ACCEPT_LANGUAGE] => en-US,en;q=0.9
            [HTTP_COOKIE] => PHPSESSID=d3anbbov9bcivp2f0cgvtbrba6
            [PATH] => C:\Windows\system32;C:\Windows;C:\Windows\System32\Wbem;C:\Windows\System32\WindowsPowerShell\v1.0\;C:\Windows\System32\OpenSSH\;C:\xampp\php;C:\ProgramData\ComposerSetup\bin;C:\Program Files\nodejs\;C:\Program Files\Git\cmd;C:\Users\User\AppData\Local\Programs\Python\Python310\Scripts\;C:\Users\User\AppData\Local\Programs\Python\Python310\;C:\Users\User\AppData\Local\Microsoft\WindowsApps;C:\Users\User\AppData\Roaming\Composer\vendor\bin;C:\Users\User\AppData\Roaming\npm;C:\Users\User\AppData\Local\GitHubDesktop\bin;C:\Program Files\OpenSSL-Win64\bin;C:\Users\User\AppData\Local\Programs\cursor\resources\app\bin
            [SystemRoot] => C:\Windows
            [COMSPEC] => C:\Windows\system32\cmd.exe
            [PATHEXT] => .COM;.EXE;.BAT;.CMD;.VBS;.VBE;.JS;.JSE;.WSF;.WSH;.MSC
            [WINDIR] => C:\Windows
            [SERVER_SIGNATURE] => <address>Apache/2.4.58 (Win64) OpenSSL/3.1.3 PHP/8.2.12 Server at localhost Port 80</address>

            [SERVER_SOFTWARE] => Apache/2.4.58 (Win64) OpenSSL/3.1.3 PHP/8.2.12
            [SERVER_NAME] => localhost
            [SERVER_ADDR] => ::1
            [SERVER_PORT] => 80
            [REMOTE_ADDR] => ::1
            [DOCUMENT_ROOT] => C:/xampp/htdocs
            [REQUEST_SCHEME] => http
            [CONTEXT_PREFIX] => 
            [CONTEXT_DOCUMENT_ROOT] => C:/xampp/htdocs
            [SERVER_ADMIN] => postmaster@localhost
            [SCRIPT_FILENAME] => C:/xampp/htdocs/IASPROJECT/views/admin/users/process.php
            [REMOTE_PORT] => 56985
            [GATEWAY_INTERFACE] => CGI/1.1
            [SERVER_PROTOCOL] => HTTP/1.1
            [REQUEST_METHOD] => POST
            [QUERY_STRING] => 
            [REQUEST_URI] => /IASPROJECT/views/admin/users/process.php
            [SCRIPT_NAME] => /IASPROJECT/views/admin/users/process.php
            [PHP_SELF] => /IASPROJECT/views/admin/users/process.php
            [REQUEST_TIME_FLOAT] => 1751194884.1153
            [REQUEST_TIME] => 1751194884
        )

)

[29-Jun-2025 19:01:24 Asia/Manila] === DEBUG END ===
[29-Jun-2025 19:01:24 Asia/Manila] [2025-06-29 19:01:24] [INFO] Started transaction

[2025-06-29 19:01:24] [INFO] Started transaction
[29-Jun-2025 19:01:24 Asia/Manila] New database connection established.
[29-Jun-2025 19:01:24 Asia/Manila] Error logging activity: SQLSTATE[42S22]: Column not found: 1054 Unknown column 'user_type' in 'field list'
[29-Jun-2025 19:01:24 Asia/Manila] [2025-06-29 19:01:24] [INFO] Success: Employee created successfully.

[2025-06-29 19:01:24] [INFO] Success: Employee created successfully.
[29-Jun-2025 20:58:44 Asia/Manila] [2025-06-29 20:58:44] [INFO] === New Request Started ===

[2025-06-29 20:58:44] [INFO] === New Request Started ===
[29-Jun-2025 20:58:44 Asia/Manila] [2025-06-29 20:58:44] [INFO] Request Method: POST

[2025-06-29 20:58:44] [INFO] Request Method: POST
[29-Jun-2025 20:58:44 Asia/Manila] [2025-06-29 20:58:44] [INFO] POST Data: Array
(
    [action] => create_user
    [type] => employee
    [full_name] => Jeorge Elevencionado
    [username] => employee1
    [email] => jeorgeeleven@gmail.com
    [password] => admin123!
    [position] => head
    [department] => CAS- College of Arts and Sciences
    [phone] => 09186913589
    [status] => active
    [roles] => Array
        (
            [0] => 7
        )

)


[2025-06-29 20:58:44] [INFO] POST Data: Array
(
    [action] => create_user
    [type] => employee
    [full_name] => Jeorge Elevencionado
    [username] => employee1
    [email] => jeorgeeleven@gmail.com
    [password] => admin123!
    [position] => head
    [department] => CAS- College of Arts and Sciences
    [phone] => 09186913589
    [status] => active
    [roles] => Array
        (
            [0] => 7
        )

)

[29-Jun-2025 20:58:44 Asia/Manila] [2025-06-29 20:58:44] [INFO] Session Data: Array
(
    [user_id] => 1
    [username] => admin
    [full_name] => System Administrator
    [roles] => Array
        (
            [0] => Admin
        )

    [debug_timings] => Array
        (
            [header_start] => 1751201911.1037
            [before_get_roles] => 1751201911.1037
            [after_get_roles] => 1751201911.1037
            [sidebar_loop_start] => 1751201911.1037
            [sidebar_loop_end] => 1751201911.1078
            [header_end] => 1751201911.1078
        )

)


[2025-06-29 20:58:44] [INFO] Session Data: Array
(
    [user_id] => 1
    [username] => admin
    [full_name] => System Administrator
    [roles] => Array
        (
            [0] => Admin
        )

    [debug_timings] => Array
        (
            [header_start] => 1751201911.1037
            [before_get_roles] => 1751201911.1037
            [after_get_roles] => 1751201911.1037
            [sidebar_loop_start] => 1751201911.1037
            [sidebar_loop_end] => 1751201911.1078
            [header_end] => 1751201911.1078
        )

)

[29-Jun-2025 20:58:44 Asia/Manila] New database connection established.
[29-Jun-2025 20:58:44 Asia/Manila] New database connection established.
[29-Jun-2025 20:58:44 Asia/Manila] New database connection established.
[29-Jun-2025 21:02:38 Asia/Manila] [2025-06-29 21:02:38] [INFO] === New Request Started ===

[2025-06-29 21:02:38] [INFO] === New Request Started ===
[29-Jun-2025 21:02:38 Asia/Manila] [2025-06-29 21:02:38] [INFO] Request Method: POST

[2025-06-29 21:02:38] [INFO] Request Method: POST
[29-Jun-2025 21:02:38 Asia/Manila] [2025-06-29 21:02:38] [INFO] POST Data: Array
(
    [action] => create_user
    [type] => employee
    [full_name] => Jeorge Elevencionado
    [username] => employee1
    [email] => jeorgeeleven@gmail.com
    [password] => admin123!
    [position] => head
    [department] => CAS- College of Arts and Sciences
    [phone] => 09186913589
    [status] => active
    [roles] => Array
        (
            [0] => 7
        )

)


[2025-06-29 21:02:38] [INFO] POST Data: Array
(
    [action] => create_user
    [type] => employee
    [full_name] => Jeorge Elevencionado
    [username] => employee1
    [email] => jeorgeeleven@gmail.com
    [password] => admin123!
    [position] => head
    [department] => CAS- College of Arts and Sciences
    [phone] => 09186913589
    [status] => active
    [roles] => Array
        (
            [0] => 7
        )

)

[29-Jun-2025 21:02:38 Asia/Manila] [2025-06-29 21:02:38] [INFO] Session Data: Array
(
    [user_id] => 1
    [username] => admin
    [full_name] => System Administrator
    [roles] => Array
        (
            [0] => Admin
        )

    [debug_timings] => Array
        (
            [header_start] => 1751202143.4817
            [before_get_roles] => 1751202143.4818
            [after_get_roles] => 1751202143.4818
            [sidebar_loop_start] => 1751202143.4818
            [sidebar_loop_end] => 1751202143.4857
            [header_end] => 1751202143.4857
        )

)


[2025-06-29 21:02:38] [INFO] Session Data: Array
(
    [user_id] => 1
    [username] => admin
    [full_name] => System Administrator
    [roles] => Array
        (
            [0] => Admin
        )

    [debug_timings] => Array
        (
            [header_start] => 1751202143.4817
            [before_get_roles] => 1751202143.4818
            [after_get_roles] => 1751202143.4818
            [sidebar_loop_start] => 1751202143.4818
            [sidebar_loop_end] => 1751202143.4857
            [header_end] => 1751202143.4857
        )

)

[29-Jun-2025 21:02:38 Asia/Manila] New database connection established.
[29-Jun-2025 21:02:38 Asia/Manila] New database connection established.
[29-Jun-2025 21:02:38 Asia/Manila] New database connection established.
[29-Jun-2025 21:38:47 Asia/Manila] [2025-06-29 21:38:47] [INFO] === New Request Started ===

[2025-06-29 21:38:47] [INFO] === New Request Started ===
[29-Jun-2025 21:38:47 Asia/Manila] [2025-06-29 21:38:47] [INFO] Request Method: POST

[2025-06-29 21:38:47] [INFO] Request Method: POST
[29-Jun-2025 21:38:47 Asia/Manila] [2025-06-29 21:38:47] [INFO] POST Data: Array
(
    [action] => create_user
    [type] => student
    [full_name] => jeorge tan
    [username] => user1
    [email] => jeorgeeleven@gmail.com
    [password] => password
    [student_number] => 2011810023
    [department] => CTE- College of Teachers Education
    [phone] => 09186913589
    [status] => active
    [roles] => Array
        (
            [0] => 4
        )

)


[2025-06-29 21:38:47] [INFO] POST Data: Array
(
    [action] => create_user
    [type] => student
    [full_name] => jeorge tan
    [username] => user1
    [email] => jeorgeeleven@gmail.com
    [password] => password
    [student_number] => 2011810023
    [department] => CTE- College of Teachers Education
    [phone] => 09186913589
    [status] => active
    [roles] => Array
        (
            [0] => 4
        )

)

[29-Jun-2025 21:38:47 Asia/Manila] [2025-06-29 21:38:47] [INFO] Session Data: Array
(
    [user_id] => 1
    [username] => admin
    [full_name] => System Administrator
    [roles] => Array
        (
            [0] => Admin
        )

    [debug_timings] => Array
        (
            [header_start] => 1751204304.3405
            [before_get_roles] => 1751204304.3405
            [after_get_roles] => 1751204304.3405
            [sidebar_loop_start] => 1751204304.3405
            [sidebar_loop_end] => 1751204304.3446
            [header_end] => 1751204304.3446
        )

)


[2025-06-29 21:38:47] [INFO] Session Data: Array
(
    [user_id] => 1
    [username] => admin
    [full_name] => System Administrator
    [roles] => Array
        (
            [0] => Admin
        )

    [debug_timings] => Array
        (
            [header_start] => 1751204304.3405
            [before_get_roles] => 1751204304.3405
            [after_get_roles] => 1751204304.3405
            [sidebar_loop_start] => 1751204304.3405
            [sidebar_loop_end] => 1751204304.3446
            [header_end] => 1751204304.3446
        )

)

[29-Jun-2025 21:38:47 Asia/Manila] New database connection established.
[29-Jun-2025 21:38:47 Asia/Manila] New database connection established.
[29-Jun-2025 21:38:47 Asia/Manila] New database connection established.
[29-Jun-2025 21:38:58 Asia/Manila] [2025-06-29 21:38:58] [INFO] === New Request Started ===

[2025-06-29 21:38:58] [INFO] === New Request Started ===
[29-Jun-2025 21:38:58 Asia/Manila] [2025-06-29 21:38:58] [INFO] Request Method: POST

[2025-06-29 21:38:58] [INFO] Request Method: POST
[29-Jun-2025 21:38:58 Asia/Manila] [2025-06-29 21:38:58] [INFO] POST Data: Array
(
    [action] => create_user
    [type] => student
    [full_name] => jeorge tan
    [username] => user1
    [email] => jeorgeeleven11@gmail.com
    [password] => password
    [student_number] => 2011810023
    [department] => CTE- College of Teachers Education
    [phone] => 09186913589
    [status] => active
    [roles] => Array
        (
            [0] => 4
        )

)


[2025-06-29 21:38:58] [INFO] POST Data: Array
(
    [action] => create_user
    [type] => student
    [full_name] => jeorge tan
    [username] => user1
    [email] => jeorgeeleven11@gmail.com
    [password] => password
    [student_number] => 2011810023
    [department] => CTE- College of Teachers Education
    [phone] => 09186913589
    [status] => active
    [roles] => Array
        (
            [0] => 4
        )

)

[29-Jun-2025 21:38:58 Asia/Manila] [2025-06-29 21:38:58] [INFO] Session Data: Array
(
    [user_id] => 1
    [username] => admin
    [full_name] => System Administrator
    [roles] => Array
        (
            [0] => Admin
        )

    [debug_timings] => Array
        (
            [header_start] => 1751204332.5485
            [before_get_roles] => 1751204332.5485
            [after_get_roles] => 1751204332.5485
            [sidebar_loop_start] => 1751204332.5485
            [sidebar_loop_end] => 1751204332.5523
            [header_end] => 1751204332.5523
        )

)


[2025-06-29 21:38:58] [INFO] Session Data: Array
(
    [user_id] => 1
    [username] => admin
    [full_name] => System Administrator
    [roles] => Array
        (
            [0] => Admin
        )

    [debug_timings] => Array
        (
            [header_start] => 1751204332.5485
            [before_get_roles] => 1751204332.5485
            [after_get_roles] => 1751204332.5485
            [sidebar_loop_start] => 1751204332.5485
            [sidebar_loop_end] => 1751204332.5523
            [header_end] => 1751204332.5523
        )

)

[29-Jun-2025 21:38:58 Asia/Manila] New database connection established.
[29-Jun-2025 21:38:58 Asia/Manila] New database connection established.
[29-Jun-2025 21:38:58 Asia/Manila] New database connection established.
[29-Jun-2025 21:46:04 Asia/Manila] [2025-06-29 21:46:04] [INFO] === New Request Started ===

[2025-06-29 21:46:04] [INFO] === New Request Started ===
[29-Jun-2025 21:46:04 Asia/Manila] [2025-06-29 21:46:04] [INFO] Request Method: POST

[2025-06-29 21:46:04] [INFO] Request Method: POST
[29-Jun-2025 21:46:04 Asia/Manila] [2025-06-29 21:46:04] [INFO] POST Data: Array
(
    [action] => create_user
    [type] => employee
    [full_name] => jeorge tan
    [username] => employee1
    [email] => jeorgeeleven@gmail.com
    [password] => password
    [position] => head
    [department] => CAS- College of Arts and Sciences
    [phone] => 09186913589
    [status] => active
    [roles] => Array
        (
            [0] => 8
            [1] => 7
        )

)


[2025-06-29 21:46:04] [INFO] POST Data: Array
(
    [action] => create_user
    [type] => employee
    [full_name] => jeorge tan
    [username] => employee1
    [email] => jeorgeeleven@gmail.com
    [password] => password
    [position] => head
    [department] => CAS- College of Arts and Sciences
    [phone] => 09186913589
    [status] => active
    [roles] => Array
        (
            [0] => 8
            [1] => 7
        )

)

[29-Jun-2025 21:46:04 Asia/Manila] [2025-06-29 21:46:04] [INFO] Session Data: Array
(
    [user_id] => 1
    [username] => admin
    [full_name] => System Administrator
    [roles] => Array
        (
            [0] => Admin
        )

    [debug_timings] => Array
        (
            [header_start] => 1751204747.9952
            [before_get_roles] => 1751204747.9952
            [after_get_roles] => 1751204747.9952
            [sidebar_loop_start] => 1751204747.9952
            [sidebar_loop_end] => 1751204747.9994
            [header_end] => 1751204747.9994
        )

)


[2025-06-29 21:46:04] [INFO] Session Data: Array
(
    [user_id] => 1
    [username] => admin
    [full_name] => System Administrator
    [roles] => Array
        (
            [0] => Admin
        )

    [debug_timings] => Array
        (
            [header_start] => 1751204747.9952
            [before_get_roles] => 1751204747.9952
            [after_get_roles] => 1751204747.9952
            [sidebar_loop_start] => 1751204747.9952
            [sidebar_loop_end] => 1751204747.9994
            [header_end] => 1751204747.9994
        )

)

[29-Jun-2025 21:46:04 Asia/Manila] New database connection established.
[29-Jun-2025 21:46:04 Asia/Manila] New database connection established.
[29-Jun-2025 21:46:04 Asia/Manila] New database connection established.
[29-Jun-2025 21:50:51 Asia/Manila] [2025-06-29 21:50:51] [INFO] === New Request Started ===

[2025-06-29 21:50:51] [INFO] === New Request Started ===
[29-Jun-2025 21:50:51 Asia/Manila] [2025-06-29 21:50:51] [INFO] Request Method: POST

[2025-06-29 21:50:51] [INFO] Request Method: POST
[29-Jun-2025 21:50:51 Asia/Manila] [2025-06-29 21:50:51] [INFO] POST Data: Array
(
    [action] => create_user
    [type] => employee
    [full_name] => jeorge tan
    [username] => employee1
    [email] => jeorgeeleven@gmail.com
    [password] => password
    [position] => head
    [department] => CAS- College of Arts and Sciences
    [phone] => 09186913589
    [status] => active
    [roles] => Array
        (
            [0] => 7
        )

)


[2025-06-29 21:50:51] [INFO] POST Data: Array
(
    [action] => create_user
    [type] => employee
    [full_name] => jeorge tan
    [username] => employee1
    [email] => jeorgeeleven@gmail.com
    [password] => password
    [position] => head
    [department] => CAS- College of Arts and Sciences
    [phone] => 09186913589
    [status] => active
    [roles] => Array
        (
            [0] => 7
        )

)

[29-Jun-2025 21:50:51 Asia/Manila] [2025-06-29 21:50:51] [INFO] Session Data: Array
(
    [user_id] => 1
    [username] => admin
    [full_name] => System Administrator
    [roles] => Array
        (
            [0] => Admin
        )

    [debug_timings] => Array
        (
            [header_start] => 1751205038.5268
            [before_get_roles] => 1751205038.5268
            [after_get_roles] => 1751205038.5268
            [sidebar_loop_start] => 1751205038.5269
            [sidebar_loop_end] => 1751205038.5308
            [header_end] => 1751205038.5308
        )

)


[2025-06-29 21:50:51] [INFO] Session Data: Array
(
    [user_id] => 1
    [username] => admin
    [full_name] => System Administrator
    [roles] => Array
        (
            [0] => Admin
        )

    [debug_timings] => Array
        (
            [header_start] => 1751205038.5268
            [before_get_roles] => 1751205038.5268
            [after_get_roles] => 1751205038.5268
            [sidebar_loop_start] => 1751205038.5269
            [sidebar_loop_end] => 1751205038.5308
            [header_end] => 1751205038.5308
        )

)

[29-Jun-2025 21:50:51 Asia/Manila] New database connection established.
[29-Jun-2025 21:50:51 Asia/Manila] New database connection established.
[29-Jun-2025 21:50:51 Asia/Manila] New database connection established.
[30-Jun-2025 19:59:42 Asia/Manila] [2025-06-30 19:59:42] [INFO] === New Request Started ===

[2025-06-30 19:59:42] [INFO] === New Request Started ===
[30-Jun-2025 19:59:42 Asia/Manila] [2025-06-30 19:59:42] [INFO] Request Method: POST

[2025-06-30 19:59:42] [INFO] Request Method: POST
[30-Jun-2025 19:59:42 Asia/Manila] [2025-06-30 19:59:42] [INFO] POST Data: Array
(
    [action] => create_user
    [type] => employee
    [full_name] => eventcoordinator
    [username] => eventcoordinator1
    [email] => jeorgeeleven11@gmail.com
    [password] => password
    [position] => head
    [department] => CAS- College of Arts and Sciences
    [phone] => 09186913589
    [status] => active
    [roles] => Array
        (
            [0] => 2
        )

)


[2025-06-30 19:59:42] [INFO] POST Data: Array
(
    [action] => create_user
    [type] => employee
    [full_name] => eventcoordinator
    [username] => eventcoordinator1
    [email] => jeorgeeleven11@gmail.com
    [password] => password
    [position] => head
    [department] => CAS- College of Arts and Sciences
    [phone] => 09186913589
    [status] => active
    [roles] => Array
        (
            [0] => 2
        )

)

[30-Jun-2025 19:59:42 Asia/Manila] [2025-06-30 19:59:42] [INFO] Session Data: Array
(
    [user_id] => 1
    [username] => admin
    [full_name] => System Administrator
    [roles] => Array
        (
            [0] => Admin
        )

    [debug_timings] => Array
        (
            [header_start] => 1751284735.2181
            [before_get_roles] => 1751284735.2182
            [after_get_roles] => 1751284735.2182
            [sidebar_loop_start] => 1751284735.2182
            [sidebar_loop_end] => 1751284735.222
            [header_end] => 1751284735.2221
        )

)


[2025-06-30 19:59:42] [INFO] Session Data: Array
(
    [user_id] => 1
    [username] => admin
    [full_name] => System Administrator
    [roles] => Array
        (
            [0] => Admin
        )

    [debug_timings] => Array
        (
            [header_start] => 1751284735.2181
            [before_get_roles] => 1751284735.2182
            [after_get_roles] => 1751284735.2182
            [sidebar_loop_start] => 1751284735.2182
            [sidebar_loop_end] => 1751284735.222
            [header_end] => 1751284735.2221
        )

)

[30-Jun-2025 19:59:42 Asia/Manila] New database connection established.
[30-Jun-2025 19:59:42 Asia/Manila] New database connection established.
[30-Jun-2025 19:59:42 Asia/Manila] New database connection established.
[30-Jun-2025 20:00:08 Asia/Manila] [2025-06-30 20:00:08] [INFO] === New Request Started ===

[2025-06-30 20:00:08] [INFO] === New Request Started ===
[30-Jun-2025 20:00:08 Asia/Manila] [2025-06-30 20:00:08] [INFO] Request Method: POST

[2025-06-30 20:00:08] [INFO] Request Method: POST
[30-Jun-2025 20:00:08 Asia/Manila] [2025-06-30 20:00:08] [INFO] POST Data: Array
(
    [action] => create_user
    [type] => employee
    [full_name] => approver
    [username] => approver1
    [email] => jeorgeeleven@gmail.com
    [password] => password
    [position] => head
    [department] => CAS- College of Arts and Sciences
    [phone] => 09186913589
    [status] => active
    [roles] => Array
        (
            [0] => 3
        )

)


[2025-06-30 20:00:08] [INFO] POST Data: Array
(
    [action] => create_user
    [type] => employee
    [full_name] => approver
    [username] => approver1
    [email] => jeorgeeleven@gmail.com
    [password] => password
    [position] => head
    [department] => CAS- College of Arts and Sciences
    [phone] => 09186913589
    [status] => active
    [roles] => Array
        (
            [0] => 3
        )

)

[30-Jun-2025 20:00:08 Asia/Manila] [2025-06-30 20:00:08] [INFO] Session Data: Array
(
    [user_id] => 1
    [username] => admin
    [full_name] => System Administrator
    [roles] => Array
        (
            [0] => Admin
        )

    [debug_timings] => Array
        (
            [header_start] => 1751284786.8004
            [before_get_roles] => 1751284786.8004
            [after_get_roles] => 1751284786.8004
            [sidebar_loop_start] => 1751284786.8004
            [sidebar_loop_end] => 1751284786.8035
            [header_end] => 1751284786.8035
        )

)


[2025-06-30 20:00:08] [INFO] Session Data: Array
(
    [user_id] => 1
    [username] => admin
    [full_name] => System Administrator
    [roles] => Array
        (
            [0] => Admin
        )

    [debug_timings] => Array
        (
            [header_start] => 1751284786.8004
            [before_get_roles] => 1751284786.8004
            [after_get_roles] => 1751284786.8004
            [sidebar_loop_start] => 1751284786.8004
            [sidebar_loop_end] => 1751284786.8035
            [header_end] => 1751284786.8035
        )

)

[30-Jun-2025 20:00:08 Asia/Manila] New database connection established.
[30-Jun-2025 20:00:08 Asia/Manila] New database connection established.
[30-Jun-2025 20:00:08 Asia/Manila] New database connection established.
[30-Jun-2025 20:00:28 Asia/Manila] [2025-06-30 20:00:28] [INFO] === New Request Started ===

[2025-06-30 20:00:28] [INFO] === New Request Started ===
[30-Jun-2025 20:00:28 Asia/Manila] [2025-06-30 20:00:28] [INFO] Request Method: POST

[2025-06-30 20:00:28] [INFO] Request Method: POST
[30-Jun-2025 20:00:28 Asia/Manila] [2025-06-30 20:00:28] [INFO] POST Data: Array
(
    [action] => create_user
    [type] => student
    [full_name] => jeorge tan
    [username] => student1
    [email] => jeorgeandreielevencionado@gmail.com
    [password] => admin123!
    [student_number] => 2011810023
    [department] => CAS- College of Arts and Sciences
    [phone] => 09186913589
    [status] => active
    [roles] => Array
        (
            [0] => 4
        )

)


[2025-06-30 20:00:28] [INFO] POST Data: Array
(
    [action] => create_user
    [type] => student
    [full_name] => jeorge tan
    [username] => student1
    [email] => jeorgeandreielevencionado@gmail.com
    [password] => admin123!
    [student_number] => 2011810023
    [department] => CAS- College of Arts and Sciences
    [phone] => 09186913589
    [status] => active
    [roles] => Array
        (
            [0] => 4
        )

)

[30-Jun-2025 20:00:28 Asia/Manila] [2025-06-30 20:00:28] [INFO] Session Data: Array
(
    [user_id] => 1
    [username] => admin
    [full_name] => System Administrator
    [roles] => Array
        (
            [0] => Admin
        )

    [debug_timings] => Array
        (
            [header_start] => 1751284809.8234
            [before_get_roles] => 1751284809.8234
            [after_get_roles] => 1751284809.8234
            [sidebar_loop_start] => 1751284809.8234
            [sidebar_loop_end] => 1751284809.8264
            [header_end] => 1751284809.8265
        )

)


[2025-06-30 20:00:28] [INFO] Session Data: Array
(
    [user_id] => 1
    [username] => admin
    [full_name] => System Administrator
    [roles] => Array
        (
            [0] => Admin
        )

    [debug_timings] => Array
        (
            [header_start] => 1751284809.8234
            [before_get_roles] => 1751284809.8234
            [after_get_roles] => 1751284809.8234
            [sidebar_loop_start] => 1751284809.8234
            [sidebar_loop_end] => 1751284809.8264
            [header_end] => 1751284809.8265
        )

)

[30-Jun-2025 20:00:28 Asia/Manila] New database connection established.
[30-Jun-2025 20:00:28 Asia/Manila] New database connection established.
[30-Jun-2025 20:00:28 Asia/Manila] New database connection established.
[30-Jun-2025 20:01:20 Asia/Manila] [2025-06-30 20:01:20] [INFO] === New Request Started ===

[2025-06-30 20:01:20] [INFO] === New Request Started ===
[30-Jun-2025 20:01:20 Asia/Manila] [2025-06-30 20:01:20] [INFO] Request Method: POST

[2025-06-30 20:01:20] [INFO] Request Method: POST
[30-Jun-2025 20:01:20 Asia/Manila] [2025-06-30 20:01:20] [INFO] POST Data: Array
(
    [action] => delete_user
    [user_id] => 4
)


[2025-06-30 20:01:20] [INFO] POST Data: Array
(
    [action] => delete_user
    [user_id] => 4
)

[30-Jun-2025 20:01:20 Asia/Manila] [2025-06-30 20:01:20] [INFO] Session Data: Array
(
    [user_id] => 1
    [username] => admin
    [full_name] => System Administrator
    [roles] => Array
        (
            [0] => Admin
        )

    [debug_timings] => Array
        (
            [header_start] => 1751284828.9361
            [before_get_roles] => 1751284828.9362
            [after_get_roles] => 1751284828.9362
            [sidebar_loop_start] => 1751284828.9362
            [sidebar_loop_end] => 1751284828.9393
            [header_end] => 1751284828.9393
        )

)


[2025-06-30 20:01:20] [INFO] Session Data: Array
(
    [user_id] => 1
    [username] => admin
    [full_name] => System Administrator
    [roles] => Array
        (
            [0] => Admin
        )

    [debug_timings] => Array
        (
            [header_start] => 1751284828.9361
            [before_get_roles] => 1751284828.9362
            [after_get_roles] => 1751284828.9362
            [sidebar_loop_start] => 1751284828.9362
            [sidebar_loop_end] => 1751284828.9393
            [header_end] => 1751284828.9393
        )

)

[30-Jun-2025 20:01:20 Asia/Manila] New database connection established.
[30-Jun-2025 20:01:20 Asia/Manila] New database connection established.
[30-Jun-2025 20:01:20 Asia/Manila] New database connection established.
[30-Jun-2025 20:01:35 Asia/Manila] [2025-06-30 20:01:35] [INFO] === New Request Started ===

[2025-06-30 20:01:35] [INFO] === New Request Started ===
[30-Jun-2025 20:01:35 Asia/Manila] [2025-06-30 20:01:35] [INFO] Request Method: POST

[2025-06-30 20:01:35] [INFO] Request Method: POST
[30-Jun-2025 20:01:35 Asia/Manila] [2025-06-30 20:01:35] [INFO] POST Data: Array
(
    [action] => create_user
    [type] => student
    [full_name] => jeorge tan
    [username] => student1
    [email] => jeorgeandreielevencionado@gmail.com
    [password] => password
    [student_number] => 2011810023
    [department] => CAS- College of Arts and Sciences
    [phone] => 09186913589
    [status] => active
    [roles] => Array
        (
            [0] => 4
        )

)


[2025-06-30 20:01:35] [INFO] POST Data: Array
(
    [action] => create_user
    [type] => student
    [full_name] => jeorge tan
    [username] => student1
    [email] => jeorgeandreielevencionado@gmail.com
    [password] => password
    [student_number] => 2011810023
    [department] => CAS- College of Arts and Sciences
    [phone] => 09186913589
    [status] => active
    [roles] => Array
        (
            [0] => 4
        )

)

[30-Jun-2025 20:01:35 Asia/Manila] [2025-06-30 20:01:35] [INFO] Session Data: Array
(
    [user_id] => 1
    [username] => admin
    [full_name] => System Administrator
    [roles] => Array
        (
            [0] => Admin
        )

    [debug_timings] => Array
        (
            [header_start] => 1751284881.783
            [before_get_roles] => 1751284881.783
            [after_get_roles] => 1751284881.783
            [sidebar_loop_start] => 1751284881.783
            [sidebar_loop_end] => 1751284881.7861
            [header_end] => 1751284881.7861
        )

)


[2025-06-30 20:01:35] [INFO] Session Data: Array
(
    [user_id] => 1
    [username] => admin
    [full_name] => System Administrator
    [roles] => Array
        (
            [0] => Admin
        )

    [debug_timings] => Array
        (
            [header_start] => 1751284881.783
            [before_get_roles] => 1751284881.783
            [after_get_roles] => 1751284881.783
            [sidebar_loop_start] => 1751284881.783
            [sidebar_loop_end] => 1751284881.7861
            [header_end] => 1751284881.7861
        )

)

[30-Jun-2025 20:01:35 Asia/Manila] New database connection established.
[30-Jun-2025 20:01:35 Asia/Manila] New database connection established.
[30-Jun-2025 20:01:35 Asia/Manila] New database connection established.
[01-Jul-2025 20:11:51 Asia/Manila] [2025-07-01 20:11:51] [INFO] === New Request Started ===

[2025-07-01 20:11:51] [INFO] === New Request Started ===
[01-Jul-2025 20:11:51 Asia/Manila] [2025-07-01 20:11:51] [INFO] Request Method: POST

[2025-07-01 20:11:51] [INFO] Request Method: POST
[01-Jul-2025 20:11:51 Asia/Manila] [2025-07-01 20:11:51] [INFO] POST Data: Array
(
    [action] => create_user
    [type] => student
    [full_name] => jeorge tan
    [username] => student1
    [email] => jeorgeeleven@gmail.com
    [password] => password
    [student_number] => 2011810023
    [department] => CET- College of Engineering and Technology
    [phone] => 09186913589
    [status] => active
    [roles] => Array
        (
            [0] => 4
        )

)


[2025-07-01 20:11:51] [INFO] POST Data: Array
(
    [action] => create_user
    [type] => student
    [full_name] => jeorge tan
    [username] => student1
    [email] => jeorgeeleven@gmail.com
    [password] => password
    [student_number] => 2011810023
    [department] => CET- College of Engineering and Technology
    [phone] => 09186913589
    [status] => active
    [roles] => Array
        (
            [0] => 4
        )

)

[01-Jul-2025 20:11:51 Asia/Manila] [2025-07-01 20:11:51] [INFO] Session Data: Array
(
    [user_id] => 1
    [username] => admin
    [full_name] => System Administrator
    [roles] => Array
        (
            [0] => Admin
        )

    [debug_timings] => Array
        (
            [header_start] => 1751371897.4886
            [before_get_roles] => 1751371897.4886
            [after_get_roles] => 1751371897.4886
            [sidebar_loop_start] => 1751371897.4886
            [sidebar_loop_end] => 1751371897.4912
            [header_end] => 1751371897.4912
        )

)


[2025-07-01 20:11:51] [INFO] Session Data: Array
(
    [user_id] => 1
    [username] => admin
    [full_name] => System Administrator
    [roles] => Array
        (
            [0] => Admin
        )

    [debug_timings] => Array
        (
            [header_start] => 1751371897.4886
            [before_get_roles] => 1751371897.4886
            [after_get_roles] => 1751371897.4886
            [sidebar_loop_start] => 1751371897.4886
            [sidebar_loop_end] => 1751371897.4912
            [header_end] => 1751371897.4912
        )

)

[01-Jul-2025 20:11:52 Asia/Manila] New database connection established.
[01-Jul-2025 20:11:52 Asia/Manila] New database connection established.
[01-Jul-2025 20:11:52 Asia/Manila] New database connection established.
[01-Jul-2025 20:29:11 Asia/Manila] [2025-07-01 20:29:11] [INFO] === New Request Started ===

[2025-07-01 20:29:11] [INFO] === New Request Started ===
[01-Jul-2025 20:29:11 Asia/Manila] [2025-07-01 20:29:11] [INFO] Request Method: POST

[2025-07-01 20:29:11] [INFO] Request Method: POST
[01-Jul-2025 20:29:11 Asia/Manila] [2025-07-01 20:29:11] [INFO] POST Data: Array
(
    [action] => create_user
    [type] => employee
    [full_name] => eventcoordinator
    [username] => eventcoordinator1
    [email] => jeorgeeleven11@gmail.com
    [password] => password
    [position] => head
    [department] => CAS- College of Arts and Sciences
    [phone] => 09186913589
    [status] => active
    [roles] => Array
        (
            [0] => 2
        )

)


[2025-07-01 20:29:11] [INFO] POST Data: Array
(
    [action] => create_user
    [type] => employee
    [full_name] => eventcoordinator
    [username] => eventcoordinator1
    [email] => jeorgeeleven11@gmail.com
    [password] => password
    [position] => head
    [department] => CAS- College of Arts and Sciences
    [phone] => 09186913589
    [status] => active
    [roles] => Array
        (
            [0] => 2
        )

)

[01-Jul-2025 20:29:11 Asia/Manila] [2025-07-01 20:29:11] [INFO] Session Data: Array
(
    [user_id] => 1
    [username] => admin
    [full_name] => System Administrator
    [roles] => Array
        (
            [0] => Admin
        )

    [debug_timings] => Array
        (
            [header_start] => 1751372922.9868
            [before_get_roles] => 1751372922.9868
            [after_get_roles] => 1751372922.9868
            [sidebar_loop_start] => 1751372922.9868
            [sidebar_loop_end] => 1751372922.9895
            [header_end] => 1751372922.9895
        )

)


[2025-07-01 20:29:11] [INFO] Session Data: Array
(
    [user_id] => 1
    [username] => admin
    [full_name] => System Administrator
    [roles] => Array
        (
            [0] => Admin
        )

    [debug_timings] => Array
        (
            [header_start] => 1751372922.9868
            [before_get_roles] => 1751372922.9868
            [after_get_roles] => 1751372922.9868
            [sidebar_loop_start] => 1751372922.9868
            [sidebar_loop_end] => 1751372922.9895
            [header_end] => 1751372922.9895
        )

)

[01-Jul-2025 20:29:11 Asia/Manila] New database connection established.
[01-Jul-2025 20:29:11 Asia/Manila] New database connection established.
[01-Jul-2025 20:29:11 Asia/Manila] New database connection established.
[02-Jul-2025 00:50:28 Asia/Manila] [2025-07-02 00:50:28] [INFO] === New Request Started ===

[2025-07-02 00:50:28] [INFO] === New Request Started ===
[02-Jul-2025 00:50:28 Asia/Manila] [2025-07-02 00:50:28] [INFO] Request Method: POST

[2025-07-02 00:50:28] [INFO] Request Method: POST
[02-Jul-2025 00:50:28 Asia/Manila] [2025-07-02 00:50:28] [INFO] POST Data: Array
(
    [action] => create_user
    [type] => student
    [full_name] => jeorge jeorge
    [username] => student2
    [email] => jeorgeandreitanelevenelevencio@gmail.com
    [password] => password
    [student_number] => 2011810024
    [department] => CET- College of Engineering and Technology
    [phone] => 09186913581
    [status] => active
    [roles] => Array
        (
            [0] => 4
        )

)


[2025-07-02 00:50:28] [INFO] POST Data: Array
(
    [action] => create_user
    [type] => student
    [full_name] => jeorge jeorge
    [username] => student2
    [email] => jeorgeandreitanelevenelevencio@gmail.com
    [password] => password
    [student_number] => 2011810024
    [department] => CET- College of Engineering and Technology
    [phone] => 09186913581
    [status] => active
    [roles] => Array
        (
            [0] => 4
        )

)

[02-Jul-2025 00:50:28 Asia/Manila] [2025-07-02 00:50:28] [INFO] Session Data: Array
(
    [user_id] => 1
    [username] => admin
    [full_name] => System Administrator
    [roles] => Array
        (
            [0] => Admin
        )

)


[2025-07-02 00:50:28] [INFO] Session Data: Array
(
    [user_id] => 1
    [username] => admin
    [full_name] => System Administrator
    [roles] => Array
        (
            [0] => Admin
        )

)

[02-Jul-2025 00:50:28 Asia/Manila] New database connection established.
[02-Jul-2025 00:50:28 Asia/Manila] New database connection established.
[02-Jul-2025 00:50:28 Asia/Manila] New database connection established.
[07-Jul-2025 00:53:56 Asia/Manila] [2025-07-07 00:53:56] [INFO] === New Request Started ===

[2025-07-07 00:53:56] [INFO] === New Request Started ===
[07-Jul-2025 00:53:56 Asia/Manila] [2025-07-07 00:53:56] [INFO] Request Method: POST

[2025-07-07 00:53:56] [INFO] Request Method: POST
[07-Jul-2025 00:53:56 Asia/Manila] [2025-07-07 00:53:56] [INFO] POST Data: Array
(
    [action] => create_user
    [type] => employee
    [full_name] => faculty1
    [username] => faculty
    [email] => doctor@example.com
    [password] => password
    [position] => head
    [department] => CAS- College of Arts and Sciences
    [phone] => 09186913580
    [status] => active
    [roles] => Array
        (
            [0] => 5
        )

)


[2025-07-07 00:53:56] [INFO] POST Data: Array
(
    [action] => create_user
    [type] => employee
    [full_name] => faculty1
    [username] => faculty
    [email] => doctor@example.com
    [password] => password
    [position] => head
    [department] => CAS- College of Arts and Sciences
    [phone] => 09186913580
    [status] => active
    [roles] => Array
        (
            [0] => 5
        )

)

[07-Jul-2025 00:53:56 Asia/Manila] [2025-07-07 00:53:56] [INFO] Session Data: Array
(
    [user_id] => 1
    [username] => admin
    [full_name] => System Administrator
    [roles] => Array
        (
            [0] => Admin
        )

)


[2025-07-07 00:53:56] [INFO] Session Data: Array
(
    [user_id] => 1
    [username] => admin
    [full_name] => System Administrator
    [roles] => Array
        (
            [0] => Admin
        )

)

[07-Jul-2025 00:53:56 Asia/Manila] New database connection established.
[07-Jul-2025 00:53:56 Asia/Manila] New database connection established.
[07-Jul-2025 00:53:56 Asia/Manila] New database connection established.
